#
# There is insufficient memory for the Java Runtime Environment to continue.
# Native memory allocation (malloc) failed to allocate 1066736 bytes for Chunk::new
# Possible reasons:
#   The system is out of physical RAM or swap space
#   The process is running with CompressedOops enabled, and the Java Heap may be blocking the growth of the native heap
# Possible solutions:
#   Reduce memory load on the system
#   Increase physical memory or swap space
#   Check if swap backing store is full
#   Decrease Java heap size (-Xmx/-Xms)
#   Decrease number of Java threads
#   Decrease Java thread stack sizes (-Xss)
#   Set larger code cache with -XX:ReservedCodeCacheSize=
#   JVM is running with Unscaled Compressed Oops mode in which the Java heap is
#     placed in the first 4GB address space. The Java Heap base address is the
#     maximum limit for the native heap growth. Please use -XX:HeapBaseMinAddress
#     to set the Java Heap base and to place the Java Heap above 4GB virtual address.
# This output file may be truncated or incomplete.
#
#  Out of Memory Error (arena.cpp:189), pid=20224, tid=25040
#
# JRE version: OpenJDK Runtime Environment Temurin-17.0.7+7 (17.0.7+7) (build 17.0.7+7)
# Java VM: OpenJDK 64-Bit Server VM Temurin-17.0.7+7 (17.0.7+7, mixed mode, tiered, compressed oops, compressed class ptrs, g1 gc, windows-amd64)
# No core dump will be written. Minidumps are not enabled by default on client versions of Windows
#

---------------  S U M M A R Y ------------

Command Line: -Dgroovy.home=C:\Users\SEI/.groovy -Djava.system.class.loader=groovy.lang.GroovyClassLoader -Xmx2048m -Dfile.encoding=UTF-8 -XX:+ShowCodeDetailsInExceptionMessages org.codehaus.groovy.tools.GroovyStarter --classpath C:\Users\SEI\git\KatalonCert\bin\keyword;C:\Users\SEI\git\KatalonCert\Keywords;C:\Users\SEI\git\KatalonCert\bin\listener;C:\Users\SEI\git\KatalonCert\Test Listeners;C:\Users\SEI\git\KatalonCert\bin\lib;C:\Users\SEI\git\KatalonCert\Libs;C:\Users\SEI\git\KatalonCert\bin\groovy;C:\Users\SEI\git\KatalonCert\Include\scripts\groovy;C:\Users\SEI\.katalon\packages\Katalon_Studio_Windows_64-9.6.0\Katalon_Studio_Windows_64-9.6.0\plugins\com.kms.katalon.core_1.0.0.202406140959.jar;C:\Users\SEI\.katalon\packages\Katalon_Studio_Windows_64-9.6.0\Katalon_Studio_Windows_64-9.6.0\configuration\resources\lib\aalto-xml-1.0.0.jar;C:\Users\SEI\.katalon\packages\Katalon_Studio_Windows_64-9.6.0\Katalon_Studio_Windows_64-9.6.0\configuration\resources\lib\aspectjweaver-1.9.1.jar;C:\Users\SEI\.katalon\packages\Katalon_Studio_Windows_64-9.6.0\Katalon_Studio_Windows_64-9.6.0\configuration\resources\lib\bcpkix-jdk15on-1.64.jar;C:\Users\SEI\.katalon\packages\Katalon_Studio_Windows_64-9.6.0\Katalon_Studio_Windows_64-9.6.0\configuration\resources\lib\bcprov-jdk15on-1.64.jar;C:\Users\SEI\.katalon\packages\Katalon_Studio_Windows_64-9.6.0\Katalon_Studio_Windows_64-9.6.0\configuration\resources\lib\browsermob-core-2.1.5.jar;C:\Users\SEI\.katalon\packages\Katalon_Studio_Windows_64-9.6.0\Katalon_Studio_Windows_64-9.6.0\configuration\resources\lib\byte-buddy-1.14.3.jar;C:\Users\SEI\.katalon\packages\Katalon_Studio_Windows_64-9.6.0\Katalon_Studio_Windows_64-9.6.0\configuration\resources\lib\byte-buddy-agent-1.14.3.jar;C:\Users\SEI\.katalon\packages\Katalon_Studio_Windows_64-9.6.0\Katalon_Studio_Windows_64-9.6.0\configuration\resources\lib\cglib-3.2.10.jar;C:\Users\SEI\.katalon\packages\Katalon_Studio_Windows_64-9.6.0\Katalon_Studio_Windows_64-9.6.0\configuration\resources\lib\commons-codec-1.10.jar;C:\Users\SEI\.katalon\packages\Katalon_Studio_Windows_64-9.6.0\Katalon_Studio_Windows_64-9.6.0\configuration\resources\lib\commons-collections4-4.1.jar;C:\Users\SEI\.katalon\packages\Katalon_Studio_Windows_64-9.6.0\Katalon_Studio_Windows_64-9.6.0\configuration\resources\lib\commons-validator-1.6.jar;C:\Users\SEI\.katalon\packages\Katalon_Studio_Windows_64-9.6.0\Katalon_Studio_Windows_64-9.6.0\configuration\resources\lib\curvesapi-1.04.jar;C:\Users\SEI\.katalon\packages\Katalon_Studio_Windows_64-9.6.0\Katalon_Studio_Windows_64-9.6.0\configuration\resources\lib\dnsjava-2.1.8.jar;C:\Users\SEI\.katalon\packages\Katalon_Studio_Windows_64-9.6.0\Katalon_Studio_Windows_64-9.6.0\configuration\resources\lib\groovy-ant-3.0.17.jar;C:\Users\SEI\.katalon\packages\Katalon_Studio_Windows_64-9.6.0\Katalon_Studio_Windows_64-9.6.0\configuration\resources\lib\groovy-astbuilder-3.0.17.jar;C:\Users\SEI\.katalon\packages\Katalon_Studio_Windows_64-9.6.0\Katalon_Studio_Windows_64-9.6.0\configuration\resources\lib\groovy-cli-picocli-3.0.17.jar;C:\Users\SEI\.katalon\packages\Katalon_Studio_Windows_64-9.6.0\Katalon_Studio_Windows_64-9.6.0\configuration\resources\lib\groovy-console-3.0.17.jar;C:\Users\SEI\.katalon\packages\Katalon_Studio_Windows_64-9.6.0\Katalon_Studio_Windows_64-9.6.0\configuration\resources\lib\groovy-datetime-3.0.17.jar;C:\Users\SEI\.katalon\packages\Katalon_Studio_Windows_64-9.6.0\Katalon_Studio_Windows_64-9.6.0\configuration\resources\lib\groovy-dateutil-3.0.17.jar;C:\Users\SEI\.katalon\packages\Katalon_Studio_Windows_64-9.6.0\Katalon_Studio_Windows_64-9.6.0\configuration\resources\lib\groovy-docgenerator-3.0.17.jar;C:\Users\SEI\.katalon\packages\Katalon_Studio_Windows_64-9.6.0\Katalon_Studio_Windows_64-9.6.0\configuration\resources\lib\groovy-groovydoc-3.0.17.jar;C:\Users\SEI\.katalon\packages\Katalon_Studio_Windows_64-9.6.0\Katalon_Studio_Windows_64-9.6.0\configuration\resources\lib\groovy-groovysh-3.0.17.jar;C:\Users\SEI\.katalon\packages\Katalon_Studio_Windows_64-9.6.0\Katalon_Studio_Windows_64-9.6.0\configuration\resources\lib\groovy-jmx-3.0.17.jar;C:\Users\SEI\.katalon\packages\Katalon_Studio_Windows_64-9.6.0\Katalon_Studio_Windows_64-9.6.0\configuration\resources\lib\groovy-json-3.0.17.jar;C:\Users\SEI\.katalon\packages\Katalon_Studio_Windows_64-9.6.0\Katalon_Studio_Windows_64-9.6.0\configuration\resources\lib\groovy-jsr223-3.0.17.jar;C:\Users\SEI\.katalon\packages\Katalon_Studio_Windows_64-9.6.0\Katalon_Studio_Windows_64-9.6.0\configuration\resources\lib\groovy-macro-3.0.17.jar;C:\Users\SEI\.katalon\packages\Katalon_Studio_Windows_64-9.6.0\Katalon_Studio_Windows_64-9.6.0\configuration\resources\lib\groovy-nio-3.0.17.jar;C:\Users\SEI\.katalon\packages\Katalon_Studio_Windows_64-9.6.0\Katalon_Studio_Windows_64-9.6.0\configuration\resources\lib\groovy-servlet-3.0.17.jar;C:\Users\SEI\.katalon\packages\Katalon_Studio_Windows_64-9.6.0\Katalon_Studio_Windows_64-9.6.0\configuration\resources\lib\groovy-sql-3.0.17.jar;C:\Users\SEI\.katalon\packages\Katalon_Studio_Windows_64-9.6.0\Katalon_Studio_Windows_64-9.6.0\configuration\resources\lib\groovy-swing-3.0.17.jar;C:\Users\SEI\.katalon\packages\Katalon_Studio_Windows_64-9.6.0\Katalon_Studio_Windows_64-9.6.0\configuration\resources\lib\groovy-templates-3.0.17.jar;C:\Users\SEI\.katalon\packages\Katalon_Studio_Windows_64-9.6.0\Katalon_Studio_Windows_64-9.6.0\configuration\resources\lib\groovy-test-3.0.17.jar;C:\Users\SEI\.katalon\packages\Katalon_Studio_Windows_64-9.6.0\Katalon_Studio_Windows_64-9.6.0\configuration\resources\lib\groovy-test-junit5-3.0.17.jar;C:\Users\SEI\.katalon\packages\Katalon_Studio_Windows_64-9.6.0\Katalon_Studio_Windows_64-9.6.0\configuration\resources\lib\groovy-testng-3.0.17.jar;C:\Users\SEI\.katalon\packages\Katalon_Studio_Windows_64-9.6.0\Katalon_Studio_Windows_64-9.6.0\configuration\resources\lib\groovy-xml-3.0.17.jar;C:\Users\SEI\.katalon\packages\Katalon_Studio_Windows_64-9.6.0\Katalon_Studio_Windows_64-9.6.0\configuration\resources\lib\java-client-7.0.0.jar;C:\Users\SEI\.katalon\packages\Katalon_Studio_Windows_64-9.6.0\Katalon_Studio_Windows_64-9.6.0\configuration\resources\lib\javax.servlet-api_3.1.0.jar;C:\Users\SEI\.katalon\packages\Katalon_Studio_Windows_64-9.6.0\Katalon_Studio_Windows_64-9.6.0\configuration\resources\lib\jna-5.12.1.jar;C:\Users\SEI\.katalon\packages\Katalon_Studio_Windows_64-9.6.0\Katalon_Studio_Windows_64-9.6.0\configuration\resources\lib\jna-platform-5.12.1.jar;C:\Users\SEI\.katalon\packages\Katalon_Studio_Windows_64-9.6.0\Katalon_Studio_Windows_64-9.6.0\configuration\resources\lib\jzlib-1.1.3.jar;C:\Users\SEI\.katalon\packages\Katalon_Studio_Windows_64-9.6.0\Katalon_Studio_Windows_64-9.6.0\configuration\resources\lib\kat-server.jar;C:\Users\SEI\.katalon\packages\Katalon_Studio_Windows_64-9.6.0\Katalon_Studio_Windows_64-9.6.0\configuration\resources\lib\littleproxy-1.1.0-beta-bmp-17.jar;C:\Users\SEI\.katalon\packages\Katalon_Studio_Windows_64-9.6.0\Katalon_Studio_Windows_64-9.6.0\configuration\resources\lib\log4j-1.2-api-2.17.1.jar;C:\Users\SEI\.katalon\packages\Katalon_Studio_Windows_64-9.6.0\Katalon_Studio_Windows_64-9.6.0\configuration\resources\lib\log4j-api-2.17.1.jar;C:\Users\SEI\.katalon\packages\Katalon_Studio_Windows_64-9.6.0\Katalon_Studio_Windows_64-9.6.0\configuration\resources\lib\log4j-core-2.17.1.jar;C:\Users\SEI\.katalon\packages\Katalon_Studio_Windows_64-9.6.0\Katalon_Studio_Windows_64-9.6.0\configuration\resources\lib\mitm-2.1.5.jar;C:\Users\SEI\.katalon\packages\Katalon_Studio_Windows_64-9.6.0\Katalon_Studio_Windows_64-9.6.0\configuration\resources\lib\mockito-core-5.2.0.jar;C:\Users\SEI\.katalon\packages\Katalon_Studio_Windows_64-9.6.0\Katalon_Studio_Windows_64-9.6.0\configuration\resources\lib\mockito-inline-5.2.0.jar;C:\Users\SEI\.katalon\packages\Katalon_Studio_Windows_64-9.6.0\Katalon_Studio_Windows_64-9.6.0\configuration\resources\lib\netty-all-4.1.109.Final.jar;C:\Users\SEI\.katalon\packages\Katalon_Studio_Windows_64-9.6.0\Katalon_Studio_Windows_64-9.6.0\configuration\resources\lib\objenesis-3.3.jar;C:\Users\SEI\.katalon\packages\Katalon_Studio_Windows_64-9.6.0\Katalon_Studio_Windows_64-9.6.0\configuration\resources\lib\poi-3.17.jar;C:\Users\SEI\.katalon\packages\Katalon_Studio_Windows_64-9.6.0\Katalon_Studio_Windows_64-9.6.0\configuration\resources\lib\poi-ooxml-3.17.jar;C:\Users\SEI\.katalon\packages\Katalon_Studio_Windows_64-9.6.0\Katalon_Studio_Windows_64-9.6.0\configuration\resources\lib\poi-ooxml-schemas-3.17.jar;C:\Users\SEI\.katalon\packages\Katalon_Studio_Windows_64-9.6.0\Katalon_Studio_Windows_64-9.6.0\configuration\resources\lib\proxy-vole-1.0.4-SNAPSHOT-jar-with-dependencies.jar;C:\Users\SEI\.katalon\packages\Katalon_Studio_Windows_64-9.6.0\Katalon_Studio_Windows_64-9.6.0\configuration\resources\lib\repackaged-sikuli-api-1.0.2-standalone.jar;C:\Users\SEI\.katalon\packages\Katalon_Studio_Windows_64-9.6.0\Katalon_Studio_Windows_64-9.6.0\configuration\resources\lib\selenium-leg-rc-3.141.59.jar;C:\Users\SEI\.katalon\packages\Katalon_Studio_Windows_64-9.6.0\Katalon_Studio_Windows_64-9.6.0\configuration\resources\lib\selenium-server-standalone-3.141.59.jar;C:\Users\SEI\.katalon\packages\Katalon_Studio_Windows_64-9.6.0\Katalon_Studio_Windows_64-9.6.0\configuration\resources\lib\selenium-shutterbug-1.1.jar;C:\Users\SEI\.katalon\packages\Katalon_Studio_Windows_64-9.6.0\Katalon_Studio_Windows_64-9.6.0\configuration\resources\lib\slf4j-api-1.7.25.jar;C:\Users\SEI\.katalon\packages\Katalon_Studio_Windows_64-9.6.0\Katalon_Studio_Windows_64-9.6.0\configuration\resources\lib\soap-builder-1.0.0.jar;C:\Users\SEI\.katalon\packages\Katalon_Studio_Windows_64-9.6.0\Katalon_Studio_Windows_64-9.6.0\configuration\resources\lib\soap-common-1.0.0.jar;C:\Users\SEI\.katalon\packages\Katalon_Studio_Windows_64-9.6.0\Katalon_Studio_Windows_64-9.6.0\configuration\resources\lib\soap-legacy-1.0.0.jar;C:\Users\SEI\.katalon\packages\Katalon_Studio_Windows_64-9.6.0\Katalon_Studio_Windows_64-9.6.0\configuration\resources\lib\spring-context-5.3.19.jar;C:\Users\SEI\.katalon\packages\Katalon_Studio_Windows_64-9.6.0\Katalon_Studio_Windows_64-9.6.0\configuration\resources\lib\stax2-api-4.0.0.jar;C:\Users\SEI\.katalon\packages\Katalon_Studio_Windows_64-9.6.0\Katalon_Studio_Windows_64-9.6.0\configuration\resources\lib\su.jar;C:\Users\SEI\.katalon\packages\Katalon_Studio_Windows_64-9.6.0\Katalon_Studio_Windows_64-9.6.0\configuration\resources\lib\testng-7.8.0.jar;C:\Users\SEI\.katalon\packages\Katalon_Studio_Windows_64-9.6.0\Katalon_Studio_Windows_64-9.6.0\configuration\resources\lib\wadl.jar;C:\Users\SEI\.katalon\packages\Katalon_Studio_Windows_64-9.6.0\Katalon_Studio_Windows_64-9.6.0\configuration\resources\lib\xmlbeans-3.1.0.jar;C:\Users\SEI\.katalon\packages\Katalon_Studio_Windows_64-9.6.0\Katalon_Studio_Windows_64-9.6.0\plugins\net.sf.supercsv.super-csv_2.1.0.jar;C:\Users\SEI\.katalon\packages\Katalon_Studio_Windows_64-9.6.0\Katalon_Studio_Windows_64-9.6.0\plugins\org.apache.commons.io_2.4.0.jar;C:\Users\SEI\.katalon\packages\Katalon_Studio_Windows_64-9.6.0\Katalon_Studio_Windows_64-9.6.0\plugins\org.apache.commons.lang_2.6.0.jar;C:\Users\SEI\.katalon\packages\Katalon_Studio_Windows_64-9.6.0\Katalon_Studio_Windows_64-9.6.0\plugins\com.google.gson_2.10.1.v20230109-0753.jar;C:\Users\SEI\.katalon\packages\Katalon_Studio_Windows_64-9.6.0\Katalon_Studio_Windows_64-9.6.0\plugins\org.jsoup_1.14.3.jar;C:\Users\SEI\.katalon\packages\Katalon_Studio_Windows_64-9.6.0\Katalon_Studio_Windows_64-9.6.0\plugins\org.apache.commons.dbutils_1.6.0.jar;C:\Users\SEI\.katalon\packages\Katalon_Studio_Windows_64-9.6.0\Katalon_Studio_Windows_64-9.6.0\plugins\com.oracle.jdbc.ojdbc7_12.1.0.2.jar;C:\Users\SEI\.katalon\packages\Katalon_Studio_Windows_64-9.6.0\Katalon_Studio_Windows_64-9.6.0\plugins\org.postgresql.jdbc_42.7.3.jar;c:\Users\SEI\.katalon\packages\Katalon_Studio_Windows_64-9.6.0\Katalon_Studio_Windows_64-9.6.0\plugins\org.eclipse.osgi_3.18.300.v20230220-1352.jar;C:\Users\SEI\.katalon\packages\Katalon_Studio_Windows_64-9.6.0\Katalon_Studio_Windows_64-9.6.0\plugins\com.kms.katalon.constant_1.0.0.202406140959.jar;C:\Users\SEI\.katalon\packages\Katalon_Studio_Windows_64-9.6.0\Katalon_Studio_Windows_64-9.6.0\plugins\org.eclipse.persistence.eclipselink_2.7.11.jar;C:\Users\SEI\.katalon\packages\Katalon_Studio_Windows_64-9.6.0\Katalon_Studio_Windows_64-9.6.0\plugins\com.kms.katalon.selenium-standalone_1.0.0.202406140959.jar;C:\Users\SEI\.katalon\packages\Katalon_Studio_Windows_64-9.6.0\Katalon_Studio_Windows_64-9.6.0\plugins\atu.testrecorder.screen-recorder_2.1.0.jar;C:\Users\SEI\.katalon\packages\Katalon_Studio_Windows_64-9.6.0\Katalon_Studio_Windows_64-9.6.0\plugins\com.google.guava_23.0.0.jar;C:\Users\SEI\.katalon\packages\Katalon_Studio_Windows_64-9.6.0\Katalon_Studio_Windows_64-9.6.0\plugins\com.kms.katalon.util_1.0.0.202406140959.jar;C:\Users\SEI\.katalon\packages\Katalon_Studio_Windows_64-9.6.0\Katalon_Studio_Windows_64-9.6.0\plugins\org.apache.httpcomponents.httpclient_4.5.14.v20221207-1049.jar;C:\Users\SEI\.katalon\packages\Katalon_Studio_Windows_64-9.6.0\Katalon_Studio_Windows_64-9.6.0\plugins\org.apache.httpcomponents.httpcore_4.4.16.v20221207-1049.jar;C:\Users\SEI\.katalon\packages\Katalon_Studio_Windows_64-9.6.0\Katalon_Studio_Windows_64-9.6.0\plugins\org.apache.httpcomponents.httpmime_4.5.13.jar;C:\Users\SEI\.katalon\packages\Katalon_Studio_Windows_64-9.6.0\Katalon_Studio_Windows_64-9.6.0\plugins\org.apache.commons.lang3_3.14.0.jar;C:\Users\SEI\.katalon\packages\Katalon_Studio_Windows_64-9.6.0\Katalon_Studio_Windows_64-9.6.0\plugins\org.greenrobot.eventbus_3.1.1.jar;C:\Users\SEI\.katalon\packages\Katalon_Studio_Windows_64-9.6.0\Katalon_Studio_Windows_64-9.6.0\plugins\net.bytebuddy.byte-buddy_1.14.15.jar;C:\Users\SEI\.katalon\packages\Katalon_Studio_Windows_64-9.6.0\Katalon_Studio_Windows_64-9.6.0\plugins\org.junit_4.13.2.v20211018-1956.jar;C:\Users\SEI\.katalon\packages\Katalon_Studio_Windows_64-9.6.0\Katalon_Studio_Windows_64-9.6.0\plugins\com.fasterxml.jackson.core.jackson-databind_2.17.1.jar;C:\Users\SEI\.katalon\packages\Katalon_Studio_Windows_64-9.6.0\Katalon_Studio_Windows_64-9.6.0\plugins\com.fasterxml.jackson.core.jackson-core_2.17.1.jar;C:\Users\SEI\.katalon\packages\Katalon_Studio_Windows_64-9.6.0\Katalon_Studio_Windows_64-9.6.0\plugins\com.fasterxml.jackson.core.jackson-annotations_2.17.1.jar;C:\Users\SEI\.katalon\packages\Katalon_Studio_Windows_64-9.6.0\Katalon_Studio_Windows_64-9.6.0\plugins\ch.qos.logback.classic_1.2.13.jar;C:\Users\SEI\.katalon\packages\Katalon_Studio_Windows_64-9.6.0\Katalon_Studio_Windows_64-9.6.0\plugins\ch.qos.logback.core_1.2.13.jar;C:\Users\SEI\.katalon\packages\Katalon_Studio_Windows_64-9.6.0\Katalon_Studio_Windows_64-9.6.0\plugins\slf4j.api_1.7.36.jar;C:\Users\SEI\.katalon\packages\Katalon_Studio_Windows_64-9.6.0\Katalon_Studio_Windows_64-9.6.0\plugins\org.fusesource.jansi_1.17.1.jar;C:\Users\SEI\.katalon\packages\Katalon_Studio_Windows_64-9.6.0\Katalon_Studio_Windows_64-9.6.0\plugins\com.kms.katalon.netlightbody_1.0.0.202406140959.jar;C:\Users\SEI\.katalon\packages\Katalon_Studio_Windows_64-9.6.0\Katalon_Studio_Windows_64-9.6.0\plugins\com.kms.katalon.poi_1.0.0.202406140959.jar;C:\Users\SEI\.katalon\packages\Katalon_Studio_Windows_64-9.6.0\Katalon_Studio_Windows_64-9.6.0\plugins\org.apache.commons.commons-text_1.10.0.jar;C:\Users\SEI\.katalon\packages\Katalon_Studio_Windows_64-9.6.0\Katalon_Studio_Windows_64-9.6.0\plugins\com.kms.katalon.proxyvole_1.0.0.202406140959.jar;C:\Users\SEI\.katalon\packages\Katalon_Studio_Windows_64-9.6.0\Katalon_Studio_Windows_64-9.6.0\plugins\com.microsoft.sqlserver.mssql-jdbc_6.2.2.jre8.jar;C:\Users\SEI\.katalon\packages\Katalon_Studio_Windows_64-9.6.0\Katalon_Studio_Windows_64-9.6.0\plugins\com.github.kklisura.cdt.java-client_2.1.0.jar;C:\Users\SEI\.katalon\packages\Katalon_Studio_Windows_64-9.6.0\Katalon_Studio_Windows_64-9.6.0\plugins\javax.websocket-api_1.1.0.jar;C:\Users\SEI\.katalon\packages\Katalon_Studio_Windows_64-9.6.0\Katalon_Studio_Windows_64-9.6.0\plugins\org.glassfish.tyrus.container-grizzly-client_1.13.1.jar;C:\Users\SEI\.katalon\packages\Katalon_Studio_Windows_64-9.6.0\Katalon_Studio_Windows_64-9.6.0\plugins\org.glassfish.grizzly.http-server_2.3.25.jar;C:\Users\SEI\.katalon\packages\Katalon_Studio_Windows_64-9.6.0\Katalon_Studio_Windows_64-9.6.0\plugins\org.glassfish.grizzly.framework_2.3.25.jar;C:\Users\SEI\.katalon\packages\Katalon_Studio_Windows_64-9.6.0\Katalon_Studio_Windows_64-9.6.0\plugins\org.glassfish.grizzly.http_2.3.25.jar;C:\Users\SEI\.katalon\packages\Katalon_Studio_Windows_64-9.6.0\Katalon_Studio_Windows_64-9.6.0\plugins\org.glassfish.tyrus.client_1.13.1.jar;C:\Users\SEI\.katalon\packages\Katalon_Studio_Windows_64-9.6.0\Katalon_Studio_Windows_64-9.6.0\plugins\org.glassfish.tyrus.core_1.13.1.jar;C:\Users\SEI\.katalon\packages\Katalon_Studio_Windows_64-9.6.0\Katalon_Studio_Windows_64-9.6.0\plugins\org.glassfish.tyrus.spi_1.13.1.jar;C:\Users\SEI\.katalon\packages\Katalon_Studio_Windows_64-9.6.0\Katalon_Studio_Windows_64-9.6.0\plugins\javassist_3.28.0.GA.jar;C:\Users\SEI\.katalon\packages\Katalon_Studio_Windows_64-9.6.0\Katalon_Studio_Windows_64-9.6.0\plugins\graphql-java_17.5.0.jar;C:\Users\SEI\.katalon\packages\Katalon_Studio_Windows_64-9.6.0\Katalon_Studio_Windows_64-9.6.0\plugins\org.glassfish.jaxb.runtime_2.3.6.jar;C:\Users\SEI\.katalon\packages\Katalon_Studio_Windows_64-9.6.0\Katalon_Studio_Windows_64-9.6.0\plugins\org.glassfish.jaxb.txw2_2.3.6.jar;C:\Users\SEI\.katalon\packages\Katalon_Studio_Windows_64-9.6.0\Katalon_Studio_Windows_64-9.6.0\plugins\org.dom4j_2.1.4.jar;C:\Users\SEI\.katalon\packages\Katalon_Studio_Windows_64-9.6.0\Katalon_Studio_Windows_64-9.6.0\plugins\com.kms.katalon.groovy-extended_1.0.0.202406140959.jar;C:\Users\SEI\.katalon\packages\Katalon_Studio_Windows_64-9.6.0\Katalon_Studio_Windows_64-9.6.0\plugins\com.sun.activation.javax.activation_1.2.0.jar;C:\Users\SEI\.katalon\packages\Katalon_Studio_Windows_64-9.6.0\Katalon_Studio_Windows_64-9.6.0\plugins\jakarta.xml.bind-api_2.3.3.jar;C:\Users\SEI\.katalon\packages\Katalon_Studio_Windows_64-9.6.0\Katalon_Studio_Windows_64-9.6.0\plugins\com.sun.xml.bind.jaxb-impl_2.3.6.jar;C:\Users\SEI\.katalon\packages\Katalon_Studio_Windows_64-9.6.0\Katalon_Studio_Windows_64-9.6.0\plugins\org.eclipse.jface_3.29.0.v20230214-1401.jar;C:\Users\SEI\.katalon\packages\Katalon_Studio_Windows_64-9.6.0\Katalon_Studio_Windows_64-9.6.0\plugins\com.kms.katalon.logging_1.0.0.202406140959.jar;C:\Users\SEI\.katalon\packages\Katalon_Studio_Windows_64-9.6.0\Katalon_Studio_Windows_64-9.6.0\plugins\json_20240303.0.0.jar;C:\Users\SEI\.katalon\packages\Katalon_Studio_Windows_64-9.6.0\Katalon_Studio_Windows_64-9.6.0\plugins\assertj-core_3.25.3.jar;C:\Users\SEI\.katalon\packages\Katalon_Studio_Windows_64-9.6.0\Katalon_Studio_Windows_64-9.6.0\plugins\org.apache.commons.logging_1.2.0.v20180409-1502.jar;C:\Users\SEI\.katalon\packages\Katalon_Studio_Windows_64-9.6.0\Katalon_Studio_Windows_64-9.6.0\plugins\org.hamcrest.core_1.3.0.v20180420-1519.jar;C:\Users\SEI\.katalon\packages\Katalon_Studio_Windows_64-9.6.0\Katalon_Studio_Windows_64-9.6.0\plugins\org.beanshell.bsh_2.0.0.0b4.jar;C:\Users\SEI\.katalon\packages\Katalon_Studio_Windows_64-9.6.0\Katalon_Studio_Windows_64-9.6.0\plugins\org.apache.ant.launcher_1.9.6.jar;C:\Users\SEI\.katalon\packages\Katalon_Studio_Windows_64-9.6.0\Katalon_Studio_Windows_64-9.6.0\plugins\com.kms.katalon.core.appium_1.0.0.202406140959.jar;C:\Users\SEI\.katalon\packages\Katalon_Studio_Windows_64-9.6.0\Katalon_Studio_Windows_64-9.6.0\plugins\com.kms.katalon.api_1.0.0.202406140959.jar;C:\Users\SEI\.katalon\packages\Katalon_Studio_Windows_64-9.6.0\Katalon_Studio_Windows_64-9.6.0\plugins\org.eclipse.equinox.common_3.17.100.v20230202-1341.jar;C:\Users\SEI\.katalon\packages\Katalon_Studio_Windows_64-9.6.0\Katalon_Studio_Windows_64-9.6.0\plugins\com.kms.katalon.testcloud.core_1.0.0.202406140959.jar;C:\Users\SEI\.katalon\packages\Katalon_Studio_Windows_64-9.6.0\Katalon_Studio_Windows_64-9.6.0\plugins\org.eclipse.e4.core.di.annotations_1.7.200.v20220613-1008.jar;C:\Users\SEI\.katalon\packages\Katalon_Studio_Windows_64-9.6.0\Katalon_Studio_Windows_64-9.6.0\plugins\org.eclipse.swt_3.123.0.v20230220-1431.jar;C:\Users\SEI\.katalon\packages\Katalon_Studio_Windows_64-9.6.0\Katalon_Studio_Windows_64-9.6.0\plugins\com.kms.katalon.configuration.core_1.0.0.202406140959.jar;C:\Users\SEI\.katalon\packages\Katalon_Studio_Windows_64-9.6.0\Katalon_Studio_Windows_64-9.6.0\plugins\org.semver4j_5.3.0.jar;C:\Users\SEI\.katalon\packages\Katalon_Studio_Windows_64-9.6.0\Katalon_Studio_Windows_64-9.6.0\plugins\com.kms.katalon.core.webui_1.0.0.202406140959.jar;C:\Users\SEI\.katalon\packages\Katalon_Studio_Windows_64-9.6.0\Katalon_Studio_Windows_64-9.6.0\plugins\org.eclipse.e4.core.contexts_1.11.0.v20220716-0839.jar;C:\Users\SEI\.katalon\packages\Katalon_Studio_Windows_64-9.6.0\Katalon_Studio_Windows_64-9.6.0\plugins\org.eclipse.e4.core.services_2.3.400.v20220915-1347.jar;C:\Users\SEI\.katalon\packages\Katalon_Studio_Windows_64-9.6.0\Katalon_Studio_Windows_64-9.6.0\plugins\com.kms.katalon.core.mobile_1.0.0.202406140959.jar;C:\Users\SEI\.katalon\packages\Katalon_Studio_Windows_64-9.6.0\Katalon_Studio_Windows_64-9.6.0\plugins\org.apache.commons.commons-validator_1.7.0.jar;C:\Users\SEI\.katalon\packages\Katalon_Studio_Windows_64-9.6.0\Katalon_Studio_Windows_64-9.6.0\plugins\com.kms.katalon.core.cucumber_1.0.0.202406140959.jar;C:\Users\SEI\.katalon\packages\Katalon_Studio_Windows_64-9.6.0\Katalon_Studio_Windows_64-9.6.0\plugins\io.cucumber.core_3.0.3.jar;C:\Users\SEI\.katalon\packages\Katalon_Studio_Windows_64-9.6.0\Katalon_Studio_Windows_64-9.6.0\plugins\io.cucumber.datatable_1.1.15.jar;C:\Users\SEI\.katalon\packages\Katalon_Studio_Windows_64-9.6.0\Katalon_Studio_Windows_64-9.6.0\plugins\io.cucumber.datatable-dependencies_1.1.15.jar;C:\Users\SEI\.katalon\packages\Katalon_Studio_Windows_64-9.6.0\Katalon_Studio_Windows_64-9.6.0\plugins\io.cucumber.expressions_5.0.19.jar;C:\Users\SEI\.katalon\packages\Katalon_Studio_Windows_64-9.6.0\Katalon_Studio_Windows_64-9.6.0\plugins\io.cucumber.gherkin_5.0.0.jar;C:\Users\SEI\.katalon\packages\Katalon_Studio_Windows_64-9.6.0\Katalon_Studio_Windows_64-9.6.0\plugins\io.cucumber.html_0.2.7.jar;C:\Users\SEI\.katalon\packages\Katalon_Studio_Windows_64-9.6.0\Katalon_Studio_Windows_64-9.6.0\plugins\io.cucumber.java_3.0.3.jar;C:\Users\SEI\.katalon\packages\Katalon_Studio_Windows_64-9.6.0\Katalon_Studio_Windows_64-9.6.0\plugins\io.cucumber.tag-expressions_1.1.1.jar;C:\Users\SEI\.katalon\packages\Katalon_Studio_Windows_64-9.6.0\Katalon_Studio_Windows_64-9.6.0\plugins\io.cucumber.junit_3.0.3.jar;C:\Users\SEI\.katalon\packages\Katalon_Studio_Windows_64-9.6.0\Katalon_Studio_Windows_64-9.6.0\plugins\com.kms.katalon.core.webservice_1.0.0.202406140959.jar;C:\Users\SEI\.katalon\packages\Katalon_Studio_Windows_64-9.6.0\Katalon_Studio_Windows_64-9.6.0\plugins\wsdl4j_1.6.2.jar;C:\Users\SEI\.katalon\packages\Katalon_Studio_Windows_64-9.6.0\Katalon_Studio_Windows_64-9.6.0\plugins\com.google.oauth-client.google-oauth-client_1.22.0.jar;C:\Users\SEI\.katalon\packages\Katalon_Studio_Windows_64-9.6.0\Katalon_Studio_Windows_64-9.6.0\plugins\com.google.http-client.google-http-client_1.22.0.jar;C:\Users\SEI\.katalon\packages\Katalon_Studio_Windows_64-9.6.0\Katalon_Studio_Windows_64-9.6.0\plugins\ca.juliusdavies.not-yet-commons-ssl_0.3.11.jar;C:\Users\SEI\.katalon\packages\Katalon_Studio_Windows_64-9.6.0\Katalon_Studio_Windows_64-9.6.0\plugins\com.kms.katalon.preferences_1.0.0.202406140959.jar;C:\Users\SEI\.katalon\packages\Katalon_Studio_Windows_64-9.6.0\Katalon_Studio_Windows_64-9.6.0\plugins\org.apache.xmlbeans_3.1.0.jar;C:\Users\SEI\.katalon\packages\Katalon_Studio_Windows_64-9.6.0\Katalon_Studio_Windows_64-9.6.0\plugins\com.kms.katalon.entity_1.0.0.202406140959.jar;C:\Users\SEI\.katalon\packages\Katalon_Studio_Windows_64-9.6.0\Katalon_Studio_Windows_64-9.6.0\plugins\org.antlr.antlr4-runtime_4.9.2.jar;C:\Users\SEI\.katalon\packages\Katalon_Studio_Windows_64-9.6.0\Katalon_Studio_Windows_64-9.6.0\plugins\com.networknt.json-schema-validator_1.0.66.jar;C:\Users\SEI\.katalon\packages\Katalon_Studio_Windows_64-9.6.0\Katalon_Studio_Windows_64-9.6.0\plugins\jakarta.xml.ws-api_2.3.3.jar;C:\Users\SEI\.katalon\packages\Katalon_Studio_Windows_64-9.6.0\Katalon_Studio_Windows_64-9.6.0\plugins\javax.xml.soap-api_1.4.0.jar;C:\Users\SEI\.katalon\packages\Katalon_Studio_Windows_64-9.6.0\Katalon_Studio_Windows_64-9.6.0\plugins\com.kms.katalon.core.windows_1.0.0.202406140959.jar;C:\Users\SEI\.katalon\packages\Katalon_Studio_Windows_64-9.6.0\Katalon_Studio_Windows_64-9.6.0\plugins\com.kms.katalon.core.testng_1.0.0.202406140959.jar;C:\Users\SEI\git\KatalonCert\Drivers\mysql-connector-java-8.0.24.jar;C:\Users\SEI\.katalon\packages\Katalon_Studio_Windows_64-9.6.0\Katalon_Studio_Windows_64-9.6.0\configuration\org.eclipse.osgi\32\0\.cp\resources\basic-report\katalon-studio-report-plugin.jar;C:\Users\SEI\.katalon\packages\Katalon_Studio_Windows_64-9.6.0\Katalon_Studio_Windows_64-9.6.0\plugins\org.codehaus.groovy_3.0.17.v202303311542-e2303\lib\groovy-3.0.17-indy.jar;C:\Users\SEI\.katalon\packages\Katalon_Studio_Windows_64-9.6.0\Katalon_Studio_Windows_64-9.6.0\plugins\org.codehaus.groovy_3.0.17.v202303311542-e2303\lib\ivy-2.5.1.jar --main groovy.ui.GroovyMain --encoding UTF-8 --indy C:\Users\SEI\git\KatalonCert\Libs\TempTestSuite1719174997531.groovy

Host: Intel(R) Core(TM) i7-10750H CPU @ 2.60GHz, 12 cores, 15G,  Windows 11 , 64 bit Build 22621 (10.0.22621.3672)
Time: Mon Jun 24 03:36:43 2024 SE Asia Standard Time elapsed time: 2.404328 seconds (0d 0h 0m 2s)

---------------  T H R E A D  ---------------

Current thread (0x000002254033aaf0):  JavaThread "C2 CompilerThread2" daemon [_thread_in_native, id=25040, stack(0x0000004e0ba00000,0x0000004e0bb00000)]


Current CompileTask:
C2:   2404 2143   !   4       jdk.internal.loader.URLClassPath$JarLoader::getResource (354 bytes)

Stack: [0x0000004e0ba00000,0x0000004e0bb00000]
Native frames: (J=compiled Java code, j=interpreted, Vv=VM code, C=native code)
V  [jvm.dll+0x67754a]
V  [jvm.dll+0x834304]
V  [jvm.dll+0x835aae]
V  [jvm.dll+0x836113]
V  [jvm.dll+0x24696f]
V  [jvm.dll+0xac0ac]
V  [jvm.dll+0xac67c]
V  [jvm.dll+0x2adbef]
V  [jvm.dll+0x580067]
V  [jvm.dll+0x221e72]
V  [jvm.dll+0x22224f]
V  [jvm.dll+0x21b4a5]
V  [jvm.dll+0x21895b]
V  [jvm.dll+0x1a4d8d]
V  [jvm.dll+0x2284da]
V  [jvm.dll+0x226615]
V  [jvm.dll+0x7ea90b]
V  [jvm.dll+0x7e4e7a]
V  [jvm.dll+0x676395]
C  [ucrtbase.dll+0x29333]
C  [KERNEL32.DLL+0x1257d]
C  [ntdll.dll+0x5af28]


---------------  P R O C E S S  ---------------

Threads class SMR info:
_java_thread_list=0x00000225403659c0, length=14, elements={
0x000002251e55cfa0, 0x000002253ac54260, 0x000002253a512ab0, 0x000002253ac6dfa0,
0x000002253ac6e860, 0x000002253ac6f120, 0x000002253ac6f9e0, 0x000002253ac70d70,
0x000002253accf8d0, 0x000002253acdad60, 0x000002253adbe890, 0x000002253f5cf7f0,
0x000002253f6ceec0, 0x000002254033aaf0
}

Java Threads: ( => current thread )
  0x000002251e55cfa0 JavaThread "main" [_thread_in_vm, id=24672, stack(0x0000004e0a100000,0x0000004e0a200000)]
  0x000002253ac54260 JavaThread "Reference Handler" daemon [_thread_blocked, id=24716, stack(0x0000004e0a800000,0x0000004e0a900000)]
  0x000002253a512ab0 JavaThread "Finalizer" daemon [_thread_blocked, id=24720, stack(0x0000004e0a900000,0x0000004e0aa00000)]
  0x000002253ac6dfa0 JavaThread "Signal Dispatcher" daemon [_thread_blocked, id=24728, stack(0x0000004e0aa00000,0x0000004e0ab00000)]
  0x000002253ac6e860 JavaThread "Attach Listener" daemon [_thread_blocked, id=24736, stack(0x0000004e0ab00000,0x0000004e0ac00000)]
  0x000002253ac6f120 JavaThread "Service Thread" daemon [_thread_blocked, id=24740, stack(0x0000004e0ac00000,0x0000004e0ad00000)]
  0x000002253ac6f9e0 JavaThread "Monitor Deflation Thread" daemon [_thread_blocked, id=24744, stack(0x0000004e0ad00000,0x0000004e0ae00000)]
  0x000002253ac70d70 JavaThread "C2 CompilerThread0" daemon [_thread_blocked, id=24748, stack(0x0000004e0ae00000,0x0000004e0af00000)]
  0x000002253accf8d0 JavaThread "C1 CompilerThread0" daemon [_thread_blocked, id=24760, stack(0x0000004e0af00000,0x0000004e0b000000)]
  0x000002253acdad60 JavaThread "Sweeper thread" daemon [_thread_blocked, id=24768, stack(0x0000004e0b000000,0x0000004e0b100000)]
  0x000002253adbe890 JavaThread "Common-Cleaner" daemon [_thread_blocked, id=24860, stack(0x0000004e0b100000,0x0000004e0b200000)]
  0x000002253f5cf7f0 JavaThread "C2 CompilerThread1" daemon [_thread_blocked, id=24952, stack(0x0000004e0b200000,0x0000004e0b300000)]
  0x000002253f6ceec0 JavaThread "Notification Thread" daemon [_thread_blocked, id=25012, stack(0x0000004e0b300000,0x0000004e0b400000)]
=>0x000002254033aaf0 JavaThread "C2 CompilerThread2" daemon [_thread_in_native, id=25040, stack(0x0000004e0ba00000,0x0000004e0bb00000)]

Other Threads:
  0x000002253ac41ac0 VMThread "VM Thread" [stack: 0x0000004e0a700000,0x0000004e0a800000] [id=24712]
  0x000002253f6cf7a0 WatcherThread [stack: 0x0000004e0b400000,0x0000004e0b500000] [id=25016]
  0x000002252076f540 GCTaskThread "GC Thread#0" [stack: 0x0000004e0a200000,0x0000004e0a300000] [id=24676]
  0x000002253fde0030 GCTaskThread "GC Thread#1" [stack: 0x0000004e0b500000,0x0000004e0b600000] [id=25020]
  0x000002253fde06f0 GCTaskThread "GC Thread#2" [stack: 0x0000004e0b600000,0x0000004e0b700000] [id=25024]
  0x000002253fc73ee0 GCTaskThread "GC Thread#3" [stack: 0x0000004e0b700000,0x0000004e0b800000] [id=25028]
  0x000002253ff99c80 GCTaskThread "GC Thread#4" [stack: 0x0000004e0b800000,0x0000004e0b900000] [id=25032]
  0x000002253ff83330 GCTaskThread "GC Thread#5" [stack: 0x0000004e0b900000,0x0000004e0ba00000] [id=25036]
  0x00000225414a8790 GCTaskThread "GC Thread#6" [stack: 0x0000004e0bb00000,0x0000004e0bc00000] [id=25148]
  0x0000022541ac4770 GCTaskThread "GC Thread#7" [stack: 0x0000004e0bc00000,0x0000004e0bd00000] [id=25152]
  0x000002254583ba10 GCTaskThread "GC Thread#8" [stack: 0x0000004e0bd00000,0x0000004e0be00000] [id=25156]
  0x0000022520780390 ConcurrentGCThread "G1 Main Marker" [stack: 0x0000004e0a300000,0x0000004e0a400000] [id=24680]
  0x0000022520780cb0 ConcurrentGCThread "G1 Conc#0" [stack: 0x0000004e0a400000,0x0000004e0a500000] [id=24684]
  0x000002253a405b40 ConcurrentGCThread "G1 Refine#0" [stack: 0x0000004e0a500000,0x0000004e0a600000] [id=24688]
  0x000002253a406470 ConcurrentGCThread "G1 Service" [stack: 0x0000004e0a600000,0x0000004e0a700000] [id=24692]

Threads with active compile tasks:
C2 CompilerThread2     2426 2143   !   4       jdk.internal.loader.URLClassPath$JarLoader::getResource (354 bytes)

VM state: not at safepoint (normal execution)

VM Mutex/Monitor currently owned by a thread:  ([mutex/lock_event])
[0x0000022520711390] Metaspace_lock - owner thread: 0x000002251e55cfa0

Heap address: 0x0000000080000000, size: 2048 MB, Compressed Oops mode: 32-bit

CDS archive(s) not mapped
Compressed class space mapped at: 0x0000000100000000-0x0000000140000000, reserved size: 1073741824
Narrow klass base: 0x0000000000000000, Narrow klass shift: 3, Narrow klass range: 0x140000000

GC Precious Log:
 CPUs: 12 total, 12 available
 Memory: 16204M
 Large Page Support: Disabled
 NUMA Support: Disabled
 Compressed Oops: Enabled (32-bit)
 Heap Region Size: 1M
 Heap Min Capacity: 8M
 Heap Initial Capacity: 254M
 Heap Max Capacity: 2G
 Pre-touch: Disabled
 Parallel Workers: 10
 Concurrent Workers: 3
 Concurrent Refinement Workers: 10
 Periodic GC: Disabled

Heap:
 garbage-first heap   total 260096K, used 30888K [0x0000000080000000, 0x0000000100000000)
  region size 1024K, 17 young (17408K), 6 survivors (6144K)
 Metaspace       used 19703K, committed 19904K, reserved 1114112K
  class space    used 1894K, committed 1984K, reserved 1048576K

Heap Regions: E=young(eden), S=young(survivor), O=old, HS=humongous(starts), HC=humongous(continues), CS=collection set, F=free, OA=open archive, CA=closed archive, TAMS=top-at-mark-start (previous, next)
|   0|0x0000000080000000, 0x0000000080100000, 0x0000000080100000|100%|HS|  |TAMS 0x0000000080000000, 0x0000000080000000| Complete 
|   1|0x0000000080100000, 0x0000000080200000, 0x0000000080200000|100%|HS|  |TAMS 0x0000000080100000, 0x0000000080100000| Complete 
|   2|0x0000000080200000, 0x0000000080300000, 0x0000000080300000|100%|HS|  |TAMS 0x0000000080200000, 0x0000000080200000| Complete 
|   3|0x0000000080300000, 0x0000000080400000, 0x0000000080400000|100%| O|  |TAMS 0x0000000080300000, 0x0000000080300000| Untracked 
|   4|0x0000000080400000, 0x0000000080500000, 0x0000000080500000|100%| O|  |TAMS 0x0000000080400000, 0x0000000080400000| Untracked 
|   5|0x0000000080500000, 0x0000000080600000, 0x0000000080600000|100%| O|  |TAMS 0x0000000080500000, 0x0000000080500000| Untracked 
|   6|0x0000000080600000, 0x0000000080700000, 0x0000000080700000|100%| O|  |TAMS 0x0000000080600000, 0x0000000080600000| Untracked 
|   7|0x0000000080700000, 0x0000000080800000, 0x0000000080800000|100%| O|  |TAMS 0x0000000080700000, 0x0000000080700000| Untracked 
|   8|0x0000000080800000, 0x0000000080900000, 0x0000000080900000|100%| O|  |TAMS 0x0000000080800000, 0x0000000080800000| Untracked 
|   9|0x0000000080900000, 0x0000000080a00000, 0x0000000080a00000|100%| O|  |TAMS 0x0000000080900000, 0x0000000080900000| Untracked 
|  10|0x0000000080a00000, 0x0000000080b00000, 0x0000000080b00000|100%| O|  |TAMS 0x0000000080a00000, 0x0000000080a00000| Untracked 
|  11|0x0000000080b00000, 0x0000000080c00000, 0x0000000080c00000|100%| O|  |TAMS 0x0000000080b00000, 0x0000000080b00000| Untracked 
|  12|0x0000000080c00000, 0x0000000080d00000, 0x0000000080d00000|100%| O|  |TAMS 0x0000000080c00000, 0x0000000080c00000| Untracked 
|  13|0x0000000080d00000, 0x0000000080e00000, 0x0000000080e00000|100%| O|  |TAMS 0x0000000080d00000, 0x0000000080d00000| Untracked 
|  14|0x0000000080e00000, 0x0000000080e74000, 0x0000000080f00000| 45%| O|  |TAMS 0x0000000080e00000, 0x0000000080e00000| Untracked 
|  15|0x0000000080f00000, 0x0000000080f00000, 0x0000000081000000|  0%| F|  |TAMS 0x0000000080f00000, 0x0000000080f00000| Untracked 
|  16|0x0000000081000000, 0x0000000081000000, 0x0000000081100000|  0%| F|  |TAMS 0x0000000081000000, 0x0000000081000000| Untracked 
|  17|0x0000000081100000, 0x0000000081100000, 0x0000000081200000|  0%| F|  |TAMS 0x0000000081100000, 0x0000000081100000| Untracked 
|  18|0x0000000081200000, 0x0000000081200000, 0x0000000081300000|  0%| F|  |TAMS 0x0000000081200000, 0x0000000081200000| Untracked 
|  19|0x0000000081300000, 0x0000000081300000, 0x0000000081400000|  0%| F|  |TAMS 0x0000000081300000, 0x0000000081300000| Untracked 
|  20|0x0000000081400000, 0x0000000081400000, 0x0000000081500000|  0%| F|  |TAMS 0x0000000081400000, 0x0000000081400000| Untracked 
|  21|0x0000000081500000, 0x0000000081500000, 0x0000000081600000|  0%| F|  |TAMS 0x0000000081500000, 0x0000000081500000| Untracked 
|  22|0x0000000081600000, 0x0000000081600000, 0x0000000081700000|  0%| F|  |TAMS 0x0000000081600000, 0x0000000081600000| Untracked 
|  23|0x0000000081700000, 0x0000000081700000, 0x0000000081800000|  0%| F|  |TAMS 0x0000000081700000, 0x0000000081700000| Untracked 
|  24|0x0000000081800000, 0x0000000081800000, 0x0000000081900000|  0%| F|  |TAMS 0x0000000081800000, 0x0000000081800000| Untracked 
|  25|0x0000000081900000, 0x0000000081900000, 0x0000000081a00000|  0%| F|  |TAMS 0x0000000081900000, 0x0000000081900000| Untracked 
|  26|0x0000000081a00000, 0x0000000081a00000, 0x0000000081b00000|  0%| F|  |TAMS 0x0000000081a00000, 0x0000000081a00000| Untracked 
|  27|0x0000000081b00000, 0x0000000081b00000, 0x0000000081c00000|  0%| F|  |TAMS 0x0000000081b00000, 0x0000000081b00000| Untracked 
|  28|0x0000000081c00000, 0x0000000081c00000, 0x0000000081d00000|  0%| F|  |TAMS 0x0000000081c00000, 0x0000000081c00000| Untracked 
|  29|0x0000000081d00000, 0x0000000081d00000, 0x0000000081e00000|  0%| F|  |TAMS 0x0000000081d00000, 0x0000000081d00000| Untracked 
|  30|0x0000000081e00000, 0x0000000081e00000, 0x0000000081f00000|  0%| F|  |TAMS 0x0000000081e00000, 0x0000000081e00000| Untracked 
|  31|0x0000000081f00000, 0x0000000081f00000, 0x0000000082000000|  0%| F|  |TAMS 0x0000000081f00000, 0x0000000081f00000| Untracked 
|  32|0x0000000082000000, 0x0000000082000000, 0x0000000082100000|  0%| F|  |TAMS 0x0000000082000000, 0x0000000082000000| Untracked 
|  33|0x0000000082100000, 0x0000000082100000, 0x0000000082200000|  0%| F|  |TAMS 0x0000000082100000, 0x0000000082100000| Untracked 
|  34|0x0000000082200000, 0x0000000082200000, 0x0000000082300000|  0%| F|  |TAMS 0x0000000082200000, 0x0000000082200000| Untracked 
|  35|0x0000000082300000, 0x0000000082300000, 0x0000000082400000|  0%| F|  |TAMS 0x0000000082300000, 0x0000000082300000| Untracked 
|  36|0x0000000082400000, 0x0000000082400000, 0x0000000082500000|  0%| F|  |TAMS 0x0000000082400000, 0x0000000082400000| Untracked 
|  37|0x0000000082500000, 0x0000000082500000, 0x0000000082600000|  0%| F|  |TAMS 0x0000000082500000, 0x0000000082500000| Untracked 
|  38|0x0000000082600000, 0x0000000082600000, 0x0000000082700000|  0%| F|  |TAMS 0x0000000082600000, 0x0000000082600000| Untracked 
|  39|0x0000000082700000, 0x0000000082700000, 0x0000000082800000|  0%| F|  |TAMS 0x0000000082700000, 0x0000000082700000| Untracked 
|  40|0x0000000082800000, 0x0000000082800000, 0x0000000082900000|  0%| F|  |TAMS 0x0000000082800000, 0x0000000082800000| Untracked 
|  41|0x0000000082900000, 0x0000000082900000, 0x0000000082a00000|  0%| F|  |TAMS 0x0000000082900000, 0x0000000082900000| Untracked 
|  42|0x0000000082a00000, 0x0000000082a00000, 0x0000000082b00000|  0%| F|  |TAMS 0x0000000082a00000, 0x0000000082a00000| Untracked 
|  43|0x0000000082b00000, 0x0000000082b00000, 0x0000000082c00000|  0%| F|  |TAMS 0x0000000082b00000, 0x0000000082b00000| Untracked 
|  44|0x0000000082c00000, 0x0000000082c00000, 0x0000000082d00000|  0%| F|  |TAMS 0x0000000082c00000, 0x0000000082c00000| Untracked 
|  45|0x0000000082d00000, 0x0000000082d00000, 0x0000000082e00000|  0%| F|  |TAMS 0x0000000082d00000, 0x0000000082d00000| Untracked 
|  46|0x0000000082e00000, 0x0000000082e00000, 0x0000000082f00000|  0%| F|  |TAMS 0x0000000082e00000, 0x0000000082e00000| Untracked 
|  47|0x0000000082f00000, 0x0000000082f00000, 0x0000000083000000|  0%| F|  |TAMS 0x0000000082f00000, 0x0000000082f00000| Untracked 
|  48|0x0000000083000000, 0x0000000083000000, 0x0000000083100000|  0%| F|  |TAMS 0x0000000083000000, 0x0000000083000000| Untracked 
|  49|0x0000000083100000, 0x0000000083100000, 0x0000000083200000|  0%| F|  |TAMS 0x0000000083100000, 0x0000000083100000| Untracked 
|  50|0x0000000083200000, 0x0000000083200000, 0x0000000083300000|  0%| F|  |TAMS 0x0000000083200000, 0x0000000083200000| Untracked 
|  51|0x0000000083300000, 0x0000000083300000, 0x0000000083400000|  0%| F|  |TAMS 0x0000000083300000, 0x0000000083300000| Untracked 
|  52|0x0000000083400000, 0x0000000083400000, 0x0000000083500000|  0%| F|  |TAMS 0x0000000083400000, 0x0000000083400000| Untracked 
|  53|0x0000000083500000, 0x0000000083500000, 0x0000000083600000|  0%| F|  |TAMS 0x0000000083500000, 0x0000000083500000| Untracked 
|  54|0x0000000083600000, 0x0000000083600000, 0x0000000083700000|  0%| F|  |TAMS 0x0000000083600000, 0x0000000083600000| Untracked 
|  55|0x0000000083700000, 0x0000000083700000, 0x0000000083800000|  0%| F|  |TAMS 0x0000000083700000, 0x0000000083700000| Untracked 
|  56|0x0000000083800000, 0x0000000083800000, 0x0000000083900000|  0%| F|  |TAMS 0x0000000083800000, 0x0000000083800000| Untracked 
|  57|0x0000000083900000, 0x0000000083900000, 0x0000000083a00000|  0%| F|  |TAMS 0x0000000083900000, 0x0000000083900000| Untracked 
|  58|0x0000000083a00000, 0x0000000083a00000, 0x0000000083b00000|  0%| F|  |TAMS 0x0000000083a00000, 0x0000000083a00000| Untracked 
|  59|0x0000000083b00000, 0x0000000083b00000, 0x0000000083c00000|  0%| F|  |TAMS 0x0000000083b00000, 0x0000000083b00000| Untracked 
|  60|0x0000000083c00000, 0x0000000083c00000, 0x0000000083d00000|  0%| F|  |TAMS 0x0000000083c00000, 0x0000000083c00000| Untracked 
|  61|0x0000000083d00000, 0x0000000083d00000, 0x0000000083e00000|  0%| F|  |TAMS 0x0000000083d00000, 0x0000000083d00000| Untracked 
|  62|0x0000000083e00000, 0x0000000083e00000, 0x0000000083f00000|  0%| F|  |TAMS 0x0000000083e00000, 0x0000000083e00000| Untracked 
|  63|0x0000000083f00000, 0x0000000083f00000, 0x0000000084000000|  0%| F|  |TAMS 0x0000000083f00000, 0x0000000083f00000| Untracked 
|  64|0x0000000084000000, 0x0000000084000000, 0x0000000084100000|  0%| F|  |TAMS 0x0000000084000000, 0x0000000084000000| Untracked 
|  65|0x0000000084100000, 0x0000000084100000, 0x0000000084200000|  0%| F|  |TAMS 0x0000000084100000, 0x0000000084100000| Untracked 
|  66|0x0000000084200000, 0x0000000084200000, 0x0000000084300000|  0%| F|  |TAMS 0x0000000084200000, 0x0000000084200000| Untracked 
|  67|0x0000000084300000, 0x0000000084300000, 0x0000000084400000|  0%| F|  |TAMS 0x0000000084300000, 0x0000000084300000| Untracked 
|  68|0x0000000084400000, 0x0000000084400000, 0x0000000084500000|  0%| F|  |TAMS 0x0000000084400000, 0x0000000084400000| Untracked 
|  69|0x0000000084500000, 0x0000000084500000, 0x0000000084600000|  0%| F|  |TAMS 0x0000000084500000, 0x0000000084500000| Untracked 
|  70|0x0000000084600000, 0x0000000084600000, 0x0000000084700000|  0%| F|  |TAMS 0x0000000084600000, 0x0000000084600000| Untracked 
|  71|0x0000000084700000, 0x0000000084700000, 0x0000000084800000|  0%| F|  |TAMS 0x0000000084700000, 0x0000000084700000| Untracked 
|  72|0x0000000084800000, 0x0000000084800000, 0x0000000084900000|  0%| F|  |TAMS 0x0000000084800000, 0x0000000084800000| Untracked 
|  73|0x0000000084900000, 0x0000000084900000, 0x0000000084a00000|  0%| F|  |TAMS 0x0000000084900000, 0x0000000084900000| Untracked 
|  74|0x0000000084a00000, 0x0000000084a00000, 0x0000000084b00000|  0%| F|  |TAMS 0x0000000084a00000, 0x0000000084a00000| Untracked 
|  75|0x0000000084b00000, 0x0000000084b00000, 0x0000000084c00000|  0%| F|  |TAMS 0x0000000084b00000, 0x0000000084b00000| Untracked 
|  76|0x0000000084c00000, 0x0000000084c00000, 0x0000000084d00000|  0%| F|  |TAMS 0x0000000084c00000, 0x0000000084c00000| Untracked 
|  77|0x0000000084d00000, 0x0000000084d00000, 0x0000000084e00000|  0%| F|  |TAMS 0x0000000084d00000, 0x0000000084d00000| Untracked 
|  78|0x0000000084e00000, 0x0000000084e00000, 0x0000000084f00000|  0%| F|  |TAMS 0x0000000084e00000, 0x0000000084e00000| Untracked 
|  79|0x0000000084f00000, 0x0000000084f00000, 0x0000000085000000|  0%| F|  |TAMS 0x0000000084f00000, 0x0000000084f00000| Untracked 
|  80|0x0000000085000000, 0x0000000085000000, 0x0000000085100000|  0%| F|  |TAMS 0x0000000085000000, 0x0000000085000000| Untracked 
|  81|0x0000000085100000, 0x0000000085100000, 0x0000000085200000|  0%| F|  |TAMS 0x0000000085100000, 0x0000000085100000| Untracked 
|  82|0x0000000085200000, 0x0000000085200000, 0x0000000085300000|  0%| F|  |TAMS 0x0000000085200000, 0x0000000085200000| Untracked 
|  83|0x0000000085300000, 0x0000000085300000, 0x0000000085400000|  0%| F|  |TAMS 0x0000000085300000, 0x0000000085300000| Untracked 
|  84|0x0000000085400000, 0x0000000085400000, 0x0000000085500000|  0%| F|  |TAMS 0x0000000085400000, 0x0000000085400000| Untracked 
|  85|0x0000000085500000, 0x0000000085500000, 0x0000000085600000|  0%| F|  |TAMS 0x0000000085500000, 0x0000000085500000| Untracked 
|  86|0x0000000085600000, 0x0000000085600000, 0x0000000085700000|  0%| F|  |TAMS 0x0000000085600000, 0x0000000085600000| Untracked 
|  87|0x0000000085700000, 0x0000000085700000, 0x0000000085800000|  0%| F|  |TAMS 0x0000000085700000, 0x0000000085700000| Untracked 
|  88|0x0000000085800000, 0x0000000085800000, 0x0000000085900000|  0%| F|  |TAMS 0x0000000085800000, 0x0000000085800000| Untracked 
|  89|0x0000000085900000, 0x0000000085900000, 0x0000000085a00000|  0%| F|  |TAMS 0x0000000085900000, 0x0000000085900000| Untracked 
|  90|0x0000000085a00000, 0x0000000085a00000, 0x0000000085b00000|  0%| F|  |TAMS 0x0000000085a00000, 0x0000000085a00000| Untracked 
|  91|0x0000000085b00000, 0x0000000085b00000, 0x0000000085c00000|  0%| F|  |TAMS 0x0000000085b00000, 0x0000000085b00000| Untracked 
|  92|0x0000000085c00000, 0x0000000085c00000, 0x0000000085d00000|  0%| F|  |TAMS 0x0000000085c00000, 0x0000000085c00000| Untracked 
|  93|0x0000000085d00000, 0x0000000085d00000, 0x0000000085e00000|  0%| F|  |TAMS 0x0000000085d00000, 0x0000000085d00000| Untracked 
|  94|0x0000000085e00000, 0x0000000085e00000, 0x0000000085f00000|  0%| F|  |TAMS 0x0000000085e00000, 0x0000000085e00000| Untracked 
|  95|0x0000000085f00000, 0x0000000085f00000, 0x0000000086000000|  0%| F|  |TAMS 0x0000000085f00000, 0x0000000085f00000| Untracked 
|  96|0x0000000086000000, 0x0000000086000000, 0x0000000086100000|  0%| F|  |TAMS 0x0000000086000000, 0x0000000086000000| Untracked 
|  97|0x0000000086100000, 0x0000000086100000, 0x0000000086200000|  0%| F|  |TAMS 0x0000000086100000, 0x0000000086100000| Untracked 
|  98|0x0000000086200000, 0x0000000086200000, 0x0000000086300000|  0%| F|  |TAMS 0x0000000086200000, 0x0000000086200000| Untracked 
|  99|0x0000000086300000, 0x0000000086300000, 0x0000000086400000|  0%| F|  |TAMS 0x0000000086300000, 0x0000000086300000| Untracked 
| 100|0x0000000086400000, 0x0000000086400000, 0x0000000086500000|  0%| F|  |TAMS 0x0000000086400000, 0x0000000086400000| Untracked 
| 101|0x0000000086500000, 0x0000000086500000, 0x0000000086600000|  0%| F|  |TAMS 0x0000000086500000, 0x0000000086500000| Untracked 
| 102|0x0000000086600000, 0x0000000086600000, 0x0000000086700000|  0%| F|  |TAMS 0x0000000086600000, 0x0000000086600000| Untracked 
| 103|0x0000000086700000, 0x0000000086700000, 0x0000000086800000|  0%| F|  |TAMS 0x0000000086700000, 0x0000000086700000| Untracked 
| 104|0x0000000086800000, 0x0000000086800000, 0x0000000086900000|  0%| F|  |TAMS 0x0000000086800000, 0x0000000086800000| Untracked 
| 105|0x0000000086900000, 0x0000000086900000, 0x0000000086a00000|  0%| F|  |TAMS 0x0000000086900000, 0x0000000086900000| Untracked 
| 106|0x0000000086a00000, 0x0000000086a00000, 0x0000000086b00000|  0%| F|  |TAMS 0x0000000086a00000, 0x0000000086a00000| Untracked 
| 107|0x0000000086b00000, 0x0000000086b00000, 0x0000000086c00000|  0%| F|  |TAMS 0x0000000086b00000, 0x0000000086b00000| Untracked 
| 108|0x0000000086c00000, 0x0000000086c00000, 0x0000000086d00000|  0%| F|  |TAMS 0x0000000086c00000, 0x0000000086c00000| Untracked 
| 109|0x0000000086d00000, 0x0000000086d00000, 0x0000000086e00000|  0%| F|  |TAMS 0x0000000086d00000, 0x0000000086d00000| Untracked 
| 110|0x0000000086e00000, 0x0000000086e00000, 0x0000000086f00000|  0%| F|  |TAMS 0x0000000086e00000, 0x0000000086e00000| Untracked 
| 111|0x0000000086f00000, 0x0000000086f00000, 0x0000000087000000|  0%| F|  |TAMS 0x0000000086f00000, 0x0000000086f00000| Untracked 
| 112|0x0000000087000000, 0x0000000087000000, 0x0000000087100000|  0%| F|  |TAMS 0x0000000087000000, 0x0000000087000000| Untracked 
| 113|0x0000000087100000, 0x0000000087100000, 0x0000000087200000|  0%| F|  |TAMS 0x0000000087100000, 0x0000000087100000| Untracked 
| 114|0x0000000087200000, 0x0000000087200000, 0x0000000087300000|  0%| F|  |TAMS 0x0000000087200000, 0x0000000087200000| Untracked 
| 115|0x0000000087300000, 0x0000000087300000, 0x0000000087400000|  0%| F|  |TAMS 0x0000000087300000, 0x0000000087300000| Untracked 
| 116|0x0000000087400000, 0x0000000087400000, 0x0000000087500000|  0%| F|  |TAMS 0x0000000087400000, 0x0000000087400000| Untracked 
| 117|0x0000000087500000, 0x0000000087500000, 0x0000000087600000|  0%| F|  |TAMS 0x0000000087500000, 0x0000000087500000| Untracked 
| 118|0x0000000087600000, 0x0000000087600000, 0x0000000087700000|  0%| F|  |TAMS 0x0000000087600000, 0x0000000087600000| Untracked 
| 119|0x0000000087700000, 0x0000000087700000, 0x0000000087800000|  0%| F|  |TAMS 0x0000000087700000, 0x0000000087700000| Untracked 
| 120|0x0000000087800000, 0x0000000087800000, 0x0000000087900000|  0%| F|  |TAMS 0x0000000087800000, 0x0000000087800000| Untracked 
| 121|0x0000000087900000, 0x0000000087900000, 0x0000000087a00000|  0%| F|  |TAMS 0x0000000087900000, 0x0000000087900000| Untracked 
| 122|0x0000000087a00000, 0x0000000087a00000, 0x0000000087b00000|  0%| F|  |TAMS 0x0000000087a00000, 0x0000000087a00000| Untracked 
| 123|0x0000000087b00000, 0x0000000087b00000, 0x0000000087c00000|  0%| F|  |TAMS 0x0000000087b00000, 0x0000000087b00000| Untracked 
| 124|0x0000000087c00000, 0x0000000087c00000, 0x0000000087d00000|  0%| F|  |TAMS 0x0000000087c00000, 0x0000000087c00000| Untracked 
| 125|0x0000000087d00000, 0x0000000087d00000, 0x0000000087e00000|  0%| F|  |TAMS 0x0000000087d00000, 0x0000000087d00000| Untracked 
| 126|0x0000000087e00000, 0x0000000087e00000, 0x0000000087f00000|  0%| F|  |TAMS 0x0000000087e00000, 0x0000000087e00000| Untracked 
| 127|0x0000000087f00000, 0x0000000087f00000, 0x0000000088000000|  0%| F|  |TAMS 0x0000000087f00000, 0x0000000087f00000| Untracked 
| 128|0x0000000088000000, 0x0000000088000000, 0x0000000088100000|  0%| F|  |TAMS 0x0000000088000000, 0x0000000088000000| Untracked 
| 129|0x0000000088100000, 0x0000000088100000, 0x0000000088200000|  0%| F|  |TAMS 0x0000000088100000, 0x0000000088100000| Untracked 
| 130|0x0000000088200000, 0x0000000088200000, 0x0000000088300000|  0%| F|  |TAMS 0x0000000088200000, 0x0000000088200000| Untracked 
| 131|0x0000000088300000, 0x0000000088300000, 0x0000000088400000|  0%| F|  |TAMS 0x0000000088300000, 0x0000000088300000| Untracked 
| 132|0x0000000088400000, 0x0000000088400000, 0x0000000088500000|  0%| F|  |TAMS 0x0000000088400000, 0x0000000088400000| Untracked 
| 133|0x0000000088500000, 0x0000000088500000, 0x0000000088600000|  0%| F|  |TAMS 0x0000000088500000, 0x0000000088500000| Untracked 
| 134|0x0000000088600000, 0x0000000088600000, 0x0000000088700000|  0%| F|  |TAMS 0x0000000088600000, 0x0000000088600000| Untracked 
| 135|0x0000000088700000, 0x0000000088700000, 0x0000000088800000|  0%| F|  |TAMS 0x0000000088700000, 0x0000000088700000| Untracked 
| 136|0x0000000088800000, 0x0000000088800000, 0x0000000088900000|  0%| F|  |TAMS 0x0000000088800000, 0x0000000088800000| Untracked 
| 137|0x0000000088900000, 0x0000000088900000, 0x0000000088a00000|  0%| F|  |TAMS 0x0000000088900000, 0x0000000088900000| Untracked 
| 138|0x0000000088a00000, 0x0000000088a00000, 0x0000000088b00000|  0%| F|  |TAMS 0x0000000088a00000, 0x0000000088a00000| Untracked 
| 139|0x0000000088b00000, 0x0000000088b00000, 0x0000000088c00000|  0%| F|  |TAMS 0x0000000088b00000, 0x0000000088b00000| Untracked 
| 140|0x0000000088c00000, 0x0000000088c00000, 0x0000000088d00000|  0%| F|  |TAMS 0x0000000088c00000, 0x0000000088c00000| Untracked 
| 141|0x0000000088d00000, 0x0000000088d00000, 0x0000000088e00000|  0%| F|  |TAMS 0x0000000088d00000, 0x0000000088d00000| Untracked 
| 142|0x0000000088e00000, 0x0000000088e00000, 0x0000000088f00000|  0%| F|  |TAMS 0x0000000088e00000, 0x0000000088e00000| Untracked 
| 143|0x0000000088f00000, 0x0000000088f00000, 0x0000000089000000|  0%| F|  |TAMS 0x0000000088f00000, 0x0000000088f00000| Untracked 
| 144|0x0000000089000000, 0x0000000089000000, 0x0000000089100000|  0%| F|  |TAMS 0x0000000089000000, 0x0000000089000000| Untracked 
| 145|0x0000000089100000, 0x0000000089100000, 0x0000000089200000|  0%| F|  |TAMS 0x0000000089100000, 0x0000000089100000| Untracked 
| 146|0x0000000089200000, 0x0000000089200000, 0x0000000089300000|  0%| F|  |TAMS 0x0000000089200000, 0x0000000089200000| Untracked 
| 147|0x0000000089300000, 0x0000000089300000, 0x0000000089400000|  0%| F|  |TAMS 0x0000000089300000, 0x0000000089300000| Untracked 
| 148|0x0000000089400000, 0x0000000089400000, 0x0000000089500000|  0%| F|  |TAMS 0x0000000089400000, 0x0000000089400000| Untracked 
| 149|0x0000000089500000, 0x0000000089500000, 0x0000000089600000|  0%| F|  |TAMS 0x0000000089500000, 0x0000000089500000| Untracked 
| 150|0x0000000089600000, 0x0000000089600000, 0x0000000089700000|  0%| F|  |TAMS 0x0000000089600000, 0x0000000089600000| Untracked 
| 151|0x0000000089700000, 0x0000000089700000, 0x0000000089800000|  0%| F|  |TAMS 0x0000000089700000, 0x0000000089700000| Untracked 
| 152|0x0000000089800000, 0x0000000089800000, 0x0000000089900000|  0%| F|  |TAMS 0x0000000089800000, 0x0000000089800000| Untracked 
| 153|0x0000000089900000, 0x0000000089900000, 0x0000000089a00000|  0%| F|  |TAMS 0x0000000089900000, 0x0000000089900000| Untracked 
| 154|0x0000000089a00000, 0x0000000089a00000, 0x0000000089b00000|  0%| F|  |TAMS 0x0000000089a00000, 0x0000000089a00000| Untracked 
| 155|0x0000000089b00000, 0x0000000089b00000, 0x0000000089c00000|  0%| F|  |TAMS 0x0000000089b00000, 0x0000000089b00000| Untracked 
| 156|0x0000000089c00000, 0x0000000089c00000, 0x0000000089d00000|  0%| F|  |TAMS 0x0000000089c00000, 0x0000000089c00000| Untracked 
| 157|0x0000000089d00000, 0x0000000089d00000, 0x0000000089e00000|  0%| F|  |TAMS 0x0000000089d00000, 0x0000000089d00000| Untracked 
| 158|0x0000000089e00000, 0x0000000089e00000, 0x0000000089f00000|  0%| F|  |TAMS 0x0000000089e00000, 0x0000000089e00000| Untracked 
| 159|0x0000000089f00000, 0x0000000089f00000, 0x000000008a000000|  0%| F|  |TAMS 0x0000000089f00000, 0x0000000089f00000| Untracked 
| 160|0x000000008a000000, 0x000000008a000000, 0x000000008a100000|  0%| F|  |TAMS 0x000000008a000000, 0x000000008a000000| Untracked 
| 161|0x000000008a100000, 0x000000008a100000, 0x000000008a200000|  0%| F|  |TAMS 0x000000008a100000, 0x000000008a100000| Untracked 
| 162|0x000000008a200000, 0x000000008a200000, 0x000000008a300000|  0%| F|  |TAMS 0x000000008a200000, 0x000000008a200000| Untracked 
| 163|0x000000008a300000, 0x000000008a300000, 0x000000008a400000|  0%| F|  |TAMS 0x000000008a300000, 0x000000008a300000| Untracked 
| 164|0x000000008a400000, 0x000000008a400000, 0x000000008a500000|  0%| F|  |TAMS 0x000000008a400000, 0x000000008a400000| Untracked 
| 165|0x000000008a500000, 0x000000008a500000, 0x000000008a600000|  0%| F|  |TAMS 0x000000008a500000, 0x000000008a500000| Untracked 
| 166|0x000000008a600000, 0x000000008a600000, 0x000000008a700000|  0%| F|  |TAMS 0x000000008a600000, 0x000000008a600000| Untracked 
| 167|0x000000008a700000, 0x000000008a700000, 0x000000008a800000|  0%| F|  |TAMS 0x000000008a700000, 0x000000008a700000| Untracked 
| 168|0x000000008a800000, 0x000000008a800000, 0x000000008a900000|  0%| F|  |TAMS 0x000000008a800000, 0x000000008a800000| Untracked 
| 169|0x000000008a900000, 0x000000008a900000, 0x000000008aa00000|  0%| F|  |TAMS 0x000000008a900000, 0x000000008a900000| Untracked 
| 170|0x000000008aa00000, 0x000000008aa00000, 0x000000008ab00000|  0%| F|  |TAMS 0x000000008aa00000, 0x000000008aa00000| Untracked 
| 171|0x000000008ab00000, 0x000000008ab00000, 0x000000008ac00000|  0%| F|  |TAMS 0x000000008ab00000, 0x000000008ab00000| Untracked 
| 172|0x000000008ac00000, 0x000000008ac00000, 0x000000008ad00000|  0%| F|  |TAMS 0x000000008ac00000, 0x000000008ac00000| Untracked 
| 173|0x000000008ad00000, 0x000000008ad00000, 0x000000008ae00000|  0%| F|  |TAMS 0x000000008ad00000, 0x000000008ad00000| Untracked 
| 174|0x000000008ae00000, 0x000000008ae00000, 0x000000008af00000|  0%| F|  |TAMS 0x000000008ae00000, 0x000000008ae00000| Untracked 
| 175|0x000000008af00000, 0x000000008af00000, 0x000000008b000000|  0%| F|  |TAMS 0x000000008af00000, 0x000000008af00000| Untracked 
| 176|0x000000008b000000, 0x000000008b000000, 0x000000008b100000|  0%| F|  |TAMS 0x000000008b000000, 0x000000008b000000| Untracked 
| 177|0x000000008b100000, 0x000000008b100000, 0x000000008b200000|  0%| F|  |TAMS 0x000000008b100000, 0x000000008b100000| Untracked 
| 178|0x000000008b200000, 0x000000008b200000, 0x000000008b300000|  0%| F|  |TAMS 0x000000008b200000, 0x000000008b200000| Untracked 
| 179|0x000000008b300000, 0x000000008b300000, 0x000000008b400000|  0%| F|  |TAMS 0x000000008b300000, 0x000000008b300000| Untracked 
| 180|0x000000008b400000, 0x000000008b400000, 0x000000008b500000|  0%| F|  |TAMS 0x000000008b400000, 0x000000008b400000| Untracked 
| 181|0x000000008b500000, 0x000000008b500000, 0x000000008b600000|  0%| F|  |TAMS 0x000000008b500000, 0x000000008b500000| Untracked 
| 182|0x000000008b600000, 0x000000008b600000, 0x000000008b700000|  0%| F|  |TAMS 0x000000008b600000, 0x000000008b600000| Untracked 
| 183|0x000000008b700000, 0x000000008b700000, 0x000000008b800000|  0%| F|  |TAMS 0x000000008b700000, 0x000000008b700000| Untracked 
| 184|0x000000008b800000, 0x000000008b800000, 0x000000008b900000|  0%| F|  |TAMS 0x000000008b800000, 0x000000008b800000| Untracked 
| 185|0x000000008b900000, 0x000000008b900000, 0x000000008ba00000|  0%| F|  |TAMS 0x000000008b900000, 0x000000008b900000| Untracked 
| 186|0x000000008ba00000, 0x000000008ba00000, 0x000000008bb00000|  0%| F|  |TAMS 0x000000008ba00000, 0x000000008ba00000| Untracked 
| 187|0x000000008bb00000, 0x000000008bb00000, 0x000000008bc00000|  0%| F|  |TAMS 0x000000008bb00000, 0x000000008bb00000| Untracked 
| 188|0x000000008bc00000, 0x000000008bc00000, 0x000000008bd00000|  0%| F|  |TAMS 0x000000008bc00000, 0x000000008bc00000| Untracked 
| 189|0x000000008bd00000, 0x000000008bd00000, 0x000000008be00000|  0%| F|  |TAMS 0x000000008bd00000, 0x000000008bd00000| Untracked 
| 190|0x000000008be00000, 0x000000008be00000, 0x000000008bf00000|  0%| F|  |TAMS 0x000000008be00000, 0x000000008be00000| Untracked 
| 191|0x000000008bf00000, 0x000000008bf00000, 0x000000008c000000|  0%| F|  |TAMS 0x000000008bf00000, 0x000000008bf00000| Untracked 
| 192|0x000000008c000000, 0x000000008c000000, 0x000000008c100000|  0%| F|  |TAMS 0x000000008c000000, 0x000000008c000000| Untracked 
| 193|0x000000008c100000, 0x000000008c100000, 0x000000008c200000|  0%| F|  |TAMS 0x000000008c100000, 0x000000008c100000| Untracked 
| 194|0x000000008c200000, 0x000000008c200000, 0x000000008c300000|  0%| F|  |TAMS 0x000000008c200000, 0x000000008c200000| Untracked 
| 195|0x000000008c300000, 0x000000008c300000, 0x000000008c400000|  0%| F|  |TAMS 0x000000008c300000, 0x000000008c300000| Untracked 
| 196|0x000000008c400000, 0x000000008c400000, 0x000000008c500000|  0%| F|  |TAMS 0x000000008c400000, 0x000000008c400000| Untracked 
| 197|0x000000008c500000, 0x000000008c500000, 0x000000008c600000|  0%| F|  |TAMS 0x000000008c500000, 0x000000008c500000| Untracked 
| 198|0x000000008c600000, 0x000000008c600000, 0x000000008c700000|  0%| F|  |TAMS 0x000000008c600000, 0x000000008c600000| Untracked 
| 199|0x000000008c700000, 0x000000008c700000, 0x000000008c800000|  0%| F|  |TAMS 0x000000008c700000, 0x000000008c700000| Untracked 
| 200|0x000000008c800000, 0x000000008c800000, 0x000000008c900000|  0%| F|  |TAMS 0x000000008c800000, 0x000000008c800000| Untracked 
| 201|0x000000008c900000, 0x000000008c900000, 0x000000008ca00000|  0%| F|  |TAMS 0x000000008c900000, 0x000000008c900000| Untracked 
| 202|0x000000008ca00000, 0x000000008cab62e8, 0x000000008cb00000| 71%| S|CS|TAMS 0x000000008ca00000, 0x000000008ca00000| Complete 
| 203|0x000000008cb00000, 0x000000008cc00000, 0x000000008cc00000|100%| S|CS|TAMS 0x000000008cb00000, 0x000000008cb00000| Complete 
| 204|0x000000008cc00000, 0x000000008cd00000, 0x000000008cd00000|100%| S|CS|TAMS 0x000000008cc00000, 0x000000008cc00000| Complete 
| 205|0x000000008cd00000, 0x000000008ce00000, 0x000000008ce00000|100%| S|CS|TAMS 0x000000008cd00000, 0x000000008cd00000| Complete 
| 206|0x000000008ce00000, 0x000000008cf00000, 0x000000008cf00000|100%| S|CS|TAMS 0x000000008ce00000, 0x000000008ce00000| Complete 
| 207|0x000000008cf00000, 0x000000008d000000, 0x000000008d000000|100%| S|CS|TAMS 0x000000008cf00000, 0x000000008cf00000| Complete 
| 208|0x000000008d000000, 0x000000008d000000, 0x000000008d100000|  0%| F|  |TAMS 0x000000008d000000, 0x000000008d000000| Untracked 
| 209|0x000000008d100000, 0x000000008d100000, 0x000000008d200000|  0%| F|  |TAMS 0x000000008d100000, 0x000000008d100000| Untracked 
| 210|0x000000008d200000, 0x000000008d200000, 0x000000008d300000|  0%| F|  |TAMS 0x000000008d200000, 0x000000008d200000| Untracked 
| 211|0x000000008d300000, 0x000000008d300000, 0x000000008d400000|  0%| F|  |TAMS 0x000000008d300000, 0x000000008d300000| Untracked 
| 212|0x000000008d400000, 0x000000008d400000, 0x000000008d500000|  0%| F|  |TAMS 0x000000008d400000, 0x000000008d400000| Untracked 
| 213|0x000000008d500000, 0x000000008d500000, 0x000000008d600000|  0%| F|  |TAMS 0x000000008d500000, 0x000000008d500000| Untracked 
| 214|0x000000008d600000, 0x000000008d600000, 0x000000008d700000|  0%| F|  |TAMS 0x000000008d600000, 0x000000008d600000| Untracked 
| 215|0x000000008d700000, 0x000000008d700000, 0x000000008d800000|  0%| F|  |TAMS 0x000000008d700000, 0x000000008d700000| Untracked 
| 216|0x000000008d800000, 0x000000008d800000, 0x000000008d900000|  0%| F|  |TAMS 0x000000008d800000, 0x000000008d800000| Untracked 
| 217|0x000000008d900000, 0x000000008d900000, 0x000000008da00000|  0%| F|  |TAMS 0x000000008d900000, 0x000000008d900000| Untracked 
| 218|0x000000008da00000, 0x000000008da00000, 0x000000008db00000|  0%| F|  |TAMS 0x000000008da00000, 0x000000008da00000| Untracked 
| 219|0x000000008db00000, 0x000000008db00000, 0x000000008dc00000|  0%| F|  |TAMS 0x000000008db00000, 0x000000008db00000| Untracked 
| 220|0x000000008dc00000, 0x000000008dc00000, 0x000000008dd00000|  0%| F|  |TAMS 0x000000008dc00000, 0x000000008dc00000| Untracked 
| 221|0x000000008dd00000, 0x000000008dd00000, 0x000000008de00000|  0%| F|  |TAMS 0x000000008dd00000, 0x000000008dd00000| Untracked 
| 222|0x000000008de00000, 0x000000008de00000, 0x000000008df00000|  0%| F|  |TAMS 0x000000008de00000, 0x000000008de00000| Untracked 
| 223|0x000000008df00000, 0x000000008df00000, 0x000000008e000000|  0%| F|  |TAMS 0x000000008df00000, 0x000000008df00000| Untracked 
| 224|0x000000008e000000, 0x000000008e000000, 0x000000008e100000|  0%| F|  |TAMS 0x000000008e000000, 0x000000008e000000| Untracked 
| 225|0x000000008e100000, 0x000000008e100000, 0x000000008e200000|  0%| F|  |TAMS 0x000000008e100000, 0x000000008e100000| Untracked 
| 226|0x000000008e200000, 0x000000008e200000, 0x000000008e300000|  0%| F|  |TAMS 0x000000008e200000, 0x000000008e200000| Untracked 
| 227|0x000000008e300000, 0x000000008e300000, 0x000000008e400000|  0%| F|  |TAMS 0x000000008e300000, 0x000000008e300000| Untracked 
| 228|0x000000008e400000, 0x000000008e400000, 0x000000008e500000|  0%| F|  |TAMS 0x000000008e400000, 0x000000008e400000| Untracked 
| 229|0x000000008e500000, 0x000000008e500000, 0x000000008e600000|  0%| F|  |TAMS 0x000000008e500000, 0x000000008e500000| Untracked 
| 230|0x000000008e600000, 0x000000008e600000, 0x000000008e700000|  0%| F|  |TAMS 0x000000008e600000, 0x000000008e600000| Untracked 
| 231|0x000000008e700000, 0x000000008e700000, 0x000000008e800000|  0%| F|  |TAMS 0x000000008e700000, 0x000000008e700000| Untracked 
| 232|0x000000008e800000, 0x000000008e800000, 0x000000008e900000|  0%| F|  |TAMS 0x000000008e800000, 0x000000008e800000| Untracked 
| 233|0x000000008e900000, 0x000000008e900000, 0x000000008ea00000|  0%| F|  |TAMS 0x000000008e900000, 0x000000008e900000| Untracked 
| 234|0x000000008ea00000, 0x000000008ea00000, 0x000000008eb00000|  0%| F|  |TAMS 0x000000008ea00000, 0x000000008ea00000| Untracked 
| 235|0x000000008eb00000, 0x000000008eb00000, 0x000000008ec00000|  0%| F|  |TAMS 0x000000008eb00000, 0x000000008eb00000| Untracked 
| 236|0x000000008ec00000, 0x000000008ec00000, 0x000000008ed00000|  0%| F|  |TAMS 0x000000008ec00000, 0x000000008ec00000| Untracked 
| 237|0x000000008ed00000, 0x000000008ed00000, 0x000000008ee00000|  0%| F|  |TAMS 0x000000008ed00000, 0x000000008ed00000| Untracked 
| 238|0x000000008ee00000, 0x000000008ee00000, 0x000000008ef00000|  0%| F|  |TAMS 0x000000008ee00000, 0x000000008ee00000| Untracked 
| 239|0x000000008ef00000, 0x000000008ef00000, 0x000000008f000000|  0%| F|  |TAMS 0x000000008ef00000, 0x000000008ef00000| Untracked 
| 240|0x000000008f000000, 0x000000008f000000, 0x000000008f100000|  0%| F|  |TAMS 0x000000008f000000, 0x000000008f000000| Untracked 
| 241|0x000000008f100000, 0x000000008f100000, 0x000000008f200000|  0%| F|  |TAMS 0x000000008f100000, 0x000000008f100000| Untracked 
| 242|0x000000008f200000, 0x000000008f200000, 0x000000008f300000|  0%| F|  |TAMS 0x000000008f200000, 0x000000008f200000| Untracked 
| 243|0x000000008f300000, 0x000000008f39fba0, 0x000000008f400000| 62%| E|  |TAMS 0x000000008f300000, 0x000000008f300000| Complete 
| 244|0x000000008f400000, 0x000000008f500000, 0x000000008f500000|100%| E|CS|TAMS 0x000000008f400000, 0x000000008f400000| Complete 
| 245|0x000000008f500000, 0x000000008f600000, 0x000000008f600000|100%| E|CS|TAMS 0x000000008f500000, 0x000000008f500000| Complete 
| 246|0x000000008f600000, 0x000000008f700000, 0x000000008f700000|100%| E|CS|TAMS 0x000000008f600000, 0x000000008f600000| Complete 
| 247|0x000000008f700000, 0x000000008f800000, 0x000000008f800000|100%| E|CS|TAMS 0x000000008f700000, 0x000000008f700000| Complete 
| 248|0x000000008f800000, 0x000000008f900000, 0x000000008f900000|100%| E|CS|TAMS 0x000000008f800000, 0x000000008f800000| Complete 
| 249|0x000000008f900000, 0x000000008fa00000, 0x000000008fa00000|100%| E|CS|TAMS 0x000000008f900000, 0x000000008f900000| Complete 
| 250|0x000000008fa00000, 0x000000008fb00000, 0x000000008fb00000|100%| E|CS|TAMS 0x000000008fa00000, 0x000000008fa00000| Complete 
| 251|0x000000008fb00000, 0x000000008fc00000, 0x000000008fc00000|100%| E|CS|TAMS 0x000000008fb00000, 0x000000008fb00000| Complete 
| 252|0x000000008fc00000, 0x000000008fd00000, 0x000000008fd00000|100%| E|CS|TAMS 0x000000008fc00000, 0x000000008fc00000| Complete 
| 253|0x000000008fd00000, 0x000000008fe00000, 0x000000008fe00000|100%| E|CS|TAMS 0x000000008fd00000, 0x000000008fd00000| Complete 

Card table byte_map: [0x00000225336f0000,0x0000022533af0000] _byte_map_base: 0x00000225332f0000

Marking Bits (Prev, Next): (CMBitMap*) 0x000002252076fa60, (CMBitMap*) 0x000002252076faa0
 Prev Bits: [0x0000022533ef0000, 0x0000022535ef0000)
 Next Bits: [0x0000022535ef0000, 0x0000022537ef0000)

Polling page: 0x000002251e6c0000

Metaspace:

Usage:
  Non-class:     17.39 MB used.
      Class:      1.85 MB used.
       Both:     19.24 MB used.

Virtual space:
  Non-class space:       64.00 MB reserved,      17.50 MB ( 27%) committed,  1 nodes.
      Class space:        1.00 GB reserved,       1.94 MB ( <1%) committed,  1 nodes.
             Both:        1.06 GB reserved,      19.44 MB (  2%) committed. 

Chunk freelists:
   Non-Class:  13.92 MB
       Class:  14.02 MB
        Both:  27.94 MB

MaxMetaspaceSize: unlimited
CompressedClassSpaceSize: 1.00 GB
Initial GC threshold: 21.00 MB
Current GC threshold: 21.00 MB
CDS: off
MetaspaceReclaimPolicy: balanced
 - commit_granule_bytes: 65536.
 - commit_granule_words: 8192.
 - virtual_space_node_default_size: 8388608.
 - enlarge_chunks_in_place: 1.
 - new_chunks_are_fully_committed: 0.
 - uncommit_free_chunks: 1.
 - use_allocation_guard: 0.
 - handle_deallocations: 1.


Internal statistics:

num_allocs_failed_limit: 0.
num_arena_births: 112.
num_arena_deaths: 0.
num_vsnodes_births: 2.
num_vsnodes_deaths: 0.
num_space_committed: 311.
num_space_uncommitted: 0.
num_chunks_returned_to_freelist: 0.
num_chunks_taken_from_freelist: 419.
num_chunk_merges: 0.
num_chunk_splits: 272.
num_chunks_enlarged: 195.
num_inconsistent_stats: 0.

CodeHeap 'non-profiled nmethods': size=120000Kb used=1170Kb max_used=1170Kb free=118829Kb
 bounds [0x000002252b850000, 0x000002252bac0000, 0x0000022532d80000]
CodeHeap 'profiled nmethods': size=120000Kb used=3885Kb max_used=3885Kb free=116114Kb
 bounds [0x0000022523d80000, 0x0000022524150000, 0x000002252b2b0000]
CodeHeap 'non-nmethods': size=5760Kb used=1502Kb max_used=1600Kb free=4257Kb
 bounds [0x000002252b2b0000, 0x000002252b520000, 0x000002252b850000]
 total_blobs=2786 nmethods=2245 adapters=453
 compilation: enabled
              stopped_count=0, restarted_count=0
 full_count=0

Compilation events (20 events):
Event: 2.374 Thread 0x000002253ac70d70 nmethod 2242 0x000002252b973210 code [0x000002252b973380, 0x000002252b9735b8]
Event: 2.375 Thread 0x000002253f5cf7f0 2244       4       java.util.zip.Inflater::ensureOpen (47 bytes)
Event: 2.375 Thread 0x000002253f5cf7f0 nmethod 2244 0x000002252b973610 code [0x000002252b973780, 0x000002252b973838]
Event: 2.377 Thread 0x000002253accf8d0 nmethod 2243 0x0000022524144090 code [0x0000022524144620, 0x0000022524147338]
Event: 2.379 Thread 0x000002253accf8d0 2245       3       jdk.internal.reflect.ConstantPool::getUTF8At (10 bytes)
Event: 2.379 Thread 0x000002253accf8d0 nmethod 2245 0x0000022524148090 code [0x0000022524148220, 0x0000022524148368]
Event: 2.382 Thread 0x000002253accf8d0 2247       3       java.util.regex.Pattern::next (33 bytes)
Event: 2.382 Thread 0x000002253accf8d0 nmethod 2247 0x0000022524148410 code [0x00000225241485c0, 0x0000022524148828]
Event: 2.382 Thread 0x000002253accf8d0 2248       3       java.lang.invoke.DirectMethodHandle::preparedLambdaForm (31 bytes)
Event: 2.383 Thread 0x000002253accf8d0 nmethod 2248 0x0000022524148990 code [0x0000022524148b80, 0x0000022524149008]
Event: 2.384 Thread 0x000002253f5cf7f0 2249       4       java.util.concurrent.ConcurrentHashMap::get (162 bytes)
Event: 2.384 Thread 0x000002253ac70d70 2250       4       jdk.internal.org.objectweb.asm.ByteVector::putShort (52 bytes)
Event: 2.384 Thread 0x000002253accf8d0 2251       3       java.lang.invoke.DirectMethodHandle::maybeCompile (24 bytes)
Event: 2.385 Thread 0x000002253accf8d0 nmethod 2251 0x0000022524149210 code [0x00000225241493c0, 0x00000225241495d8]
Event: 2.385 Thread 0x000002253ac70d70 nmethod 2250 0x000002252b973d90 code [0x000002252b973f00, 0x000002252b974038]
Event: 2.388 Thread 0x000002253f5cf7f0 nmethod 2249 0x000002252b974490 code [0x000002252b974620, 0x000002252b9748f8]
Event: 2.389 Thread 0x000002253accf8d0 2253       3       sun.invoke.util.VerifyAccess::isMemberAccessible (338 bytes)
Event: 2.390 Thread 0x000002253accf8d0 nmethod 2253 0x0000022524149710 code [0x0000022524149aa0, 0x000002252414ae48]
Event: 2.390 Thread 0x000002253accf8d0 2254       3       java.lang.invoke.MethodType::changeReturnType (20 bytes)
Event: 2.390 Thread 0x000002253accf8d0 nmethod 2254 0x000002252414b390 code [0x000002252414b540, 0x000002252414b708]

GC Heap History (6 events):
Event: 0.721 GC heap before
{Heap before GC invocations=0 (full 0):
 garbage-first heap   total 260096K, used 25600K [0x0000000080000000, 0x0000000100000000)
  region size 1024K, 23 young (23552K), 0 survivors (0K)
 Metaspace       used 6744K, committed 6976K, reserved 1114112K
  class space    used 523K, committed 640K, reserved 1048576K
}
Event: 0.726 GC heap after
{Heap after GC invocations=1 (full 0):
 garbage-first heap   total 260096K, used 14656K [0x0000000080000000, 0x0000000100000000)
  region size 1024K, 3 young (3072K), 3 survivors (3072K)
 Metaspace       used 6744K, committed 6976K, reserved 1114112K
  class space    used 523K, committed 640K, reserved 1048576K
}
Event: 1.284 GC heap before
{Heap before GC invocations=1 (full 0):
 garbage-first heap   total 260096K, used 34112K [0x0000000080000000, 0x0000000100000000)
  region size 1024K, 23 young (23552K), 3 survivors (3072K)
 Metaspace       used 10702K, committed 10880K, reserved 1114112K
  class space    used 915K, committed 960K, reserved 1048576K
}
Event: 1.286 GC heap after
{Heap after GC invocations=2 (full 0):
 garbage-first heap   total 260096K, used 16456K [0x0000000080000000, 0x0000000100000000)
  region size 1024K, 2 young (2048K), 2 survivors (2048K)
 Metaspace       used 10702K, committed 10880K, reserved 1114112K
  class space    used 915K, committed 960K, reserved 1048576K
}
Event: 2.202 GC heap before
{Heap before GC invocations=2 (full 0):
 garbage-first heap   total 260096K, used 60488K [0x0000000080000000, 0x0000000100000000)
  region size 1024K, 46 young (47104K), 2 survivors (2048K)
 Metaspace       used 17985K, committed 18176K, reserved 1114112K
  class space    used 1699K, committed 1792K, reserved 1048576K
}
Event: 2.206 GC heap after
{Heap after GC invocations=3 (full 0):
 garbage-first heap   total 260096K, used 20648K [0x0000000080000000, 0x0000000100000000)
  region size 1024K, 6 young (6144K), 6 survivors (6144K)
 Metaspace       used 17985K, committed 18176K, reserved 1114112K
  class space    used 1699K, committed 1792K, reserved 1048576K
}

Dll operation events (6 events):
Event: 0.008 Loaded shared library C:\Users\SEI\.katalon\packages\Katalon_Studio_Windows_64-9.6.0\Katalon_Studio_Windows_64-9.6.0\jre\bin\java.dll
Event: 0.358 Loaded shared library C:\Users\SEI\.katalon\packages\Katalon_Studio_Windows_64-9.6.0\Katalon_Studio_Windows_64-9.6.0\jre\bin\net.dll
Event: 0.361 Loaded shared library C:\Users\SEI\.katalon\packages\Katalon_Studio_Windows_64-9.6.0\Katalon_Studio_Windows_64-9.6.0\jre\bin\nio.dll
Event: 0.374 Loaded shared library C:\Users\SEI\.katalon\packages\Katalon_Studio_Windows_64-9.6.0\Katalon_Studio_Windows_64-9.6.0\jre\bin\zip.dll
Event: 0.799 Loaded shared library C:\Users\SEI\.katalon\packages\Katalon_Studio_Windows_64-9.6.0\Katalon_Studio_Windows_64-9.6.0\jre\bin\verify.dll
Event: 1.132 Loaded shared library C:\Users\SEI\.katalon\packages\Katalon_Studio_Windows_64-9.6.0\Katalon_Studio_Windows_64-9.6.0\jre\bin\jimage.dll

Deoptimization events (20 events):
Event: 2.193 Thread 0x000002251e55cfa0 Uncommon trap: trap_request=0xffffffde fr.pc=0x000002252b91fc60 relative=0x00000000000014c0
Event: 2.193 Thread 0x000002251e55cfa0 Uncommon trap: reason=class_check action=maybe_recompile pc=0x000002252b91fc60 method=java.util.HashMap.putVal(ILjava/lang/Object;Ljava/lang/Object;ZZ)Ljava/lang/Object; @ 91 c2
Event: 2.193 Thread 0x000002251e55cfa0 DEOPT PACKING pc=0x000002252b91fc60 sp=0x0000004e0a1fe1c0
Event: 2.193 Thread 0x000002251e55cfa0 DEOPT UNPACKING pc=0x000002252b3069a3 sp=0x0000004e0a1fe170 mode 2
Event: 2.193 Thread 0x000002251e55cfa0 Uncommon trap: trap_request=0xffffffde fr.pc=0x000002252b91fba8 relative=0x0000000000001408
Event: 2.193 Thread 0x000002251e55cfa0 Uncommon trap: reason=class_check action=maybe_recompile pc=0x000002252b91fba8 method=java.util.HashMap.putVal(ILjava/lang/Object;Ljava/lang/Object;ZZ)Ljava/lang/Object; @ 253 c2
Event: 2.193 Thread 0x000002251e55cfa0 DEOPT PACKING pc=0x000002252b91fba8 sp=0x0000004e0a1fddd0
Event: 2.193 Thread 0x000002251e55cfa0 DEOPT UNPACKING pc=0x000002252b3069a3 sp=0x0000004e0a1fdd80 mode 2
Event: 2.226 Thread 0x000002251e55cfa0 DEOPT PACKING pc=0x0000022523ecad75 sp=0x0000004e0a1fd310
Event: 2.226 Thread 0x000002251e55cfa0 DEOPT UNPACKING pc=0x000002252b307143 sp=0x0000004e0a1fc798 mode 0
Event: 2.256 Thread 0x000002251e55cfa0 Uncommon trap: trap_request=0xffffffde fr.pc=0x000002252b864da8 relative=0x00000000000001a8
Event: 2.256 Thread 0x000002251e55cfa0 Uncommon trap: reason=class_check action=maybe_recompile pc=0x000002252b864da8 method=java.lang.String.equals(Ljava/lang/Object;)Z @ 8 c2
Event: 2.256 Thread 0x000002251e55cfa0 DEOPT PACKING pc=0x000002252b864da8 sp=0x0000004e0a1fe1a0
Event: 2.256 Thread 0x000002251e55cfa0 DEOPT UNPACKING pc=0x000002252b3069a3 sp=0x0000004e0a1fe148 mode 2
Event: 2.272 Thread 0x000002251e55cfa0 DEOPT PACKING pc=0x0000022523ecad75 sp=0x0000004e0a1fce40
Event: 2.272 Thread 0x000002251e55cfa0 DEOPT UNPACKING pc=0x000002252b307143 sp=0x0000004e0a1fc2e0 mode 0
Event: 2.321 Thread 0x000002251e55cfa0 DEOPT PACKING pc=0x0000022523ecad75 sp=0x0000004e0a1fc010
Event: 2.321 Thread 0x000002251e55cfa0 DEOPT UNPACKING pc=0x000002252b307143 sp=0x0000004e0a1fb498 mode 0
Event: 2.352 Thread 0x000002251e55cfa0 DEOPT PACKING pc=0x0000022523f55ad0 sp=0x0000004e0a1fd560
Event: 2.352 Thread 0x000002251e55cfa0 DEOPT UNPACKING pc=0x000002252b307143 sp=0x0000004e0a1fca68 mode 0

Classes unloaded (0 events):
No events

Classes redefined (0 events):
No events

Internal exceptions (20 events):
Event: 1.618 Thread 0x000002251e55cfa0 Exception <a 'java/lang/ClassNotFoundException'{0x000000008ee18960}: groovy/lang/ExpandoMetaClassCustomizer> (0x000000008ee18960) 
thrown [s\src\hotspot\share\classfile\systemDictionary.cpp, line 256]
Event: 1.629 Thread 0x000002251e55cfa0 Exception <a 'java/lang/NoSuchMethodError'{0x000000008eed5028}: 'void java.lang.invoke.DirectMethodHandle$Holder.invokeSpecial(java.lang.Object, java.lang.Object, java.lang.Object)'> (0x000000008eed5028) 
thrown [s\src\hotspot\share\interpreter\linkResolver.cpp, line 759]
Event: 1.679 Thread 0x000002251e55cfa0 Exception <a 'java/lang/NoSuchMethodError'{0x000000008ebdf798}: 'java.lang.Object java.lang.invoke.DirectMethodHandle$Holder.invokeStaticInit(java.lang.Object)'> (0x000000008ebdf798) 
thrown [s\src\hotspot\share\interpreter\linkResolver.cpp, line 759]
Event: 1.973 Thread 0x000002251e55cfa0 Exception <a 'java/lang/ClassNotFoundException'{0x000000008d51a9f8}: groovy/lang/Closure$1BeanInfo> (0x000000008d51a9f8) 
thrown [s\src\hotspot\share\classfile\systemDictionary.cpp, line 256]
Event: 1.975 Thread 0x000002251e55cfa0 Exception <a 'java/lang/ClassNotFoundException'{0x000000008d5484c0}: groovy/lang/ClosureBeanInfo> (0x000000008d5484c0) 
thrown [s\src\hotspot\share\classfile\systemDictionary.cpp, line 256]
Event: 1.996 Thread 0x000002251e55cfa0 Exception <a 'java/lang/ClassNotFoundException'{0x000000008d576a80}: groovy/lang/GroovyObjectSupportBeanInfo> (0x000000008d576a80) 
thrown [s\src\hotspot\share\classfile\systemDictionary.cpp, line 256]
Event: 1.999 Thread 0x000002251e55cfa0 Exception <a 'java/lang/ClassNotFoundException'{0x000000008d5a53f8}: groovy/lang/GroovyObjectSupportCustomizer> (0x000000008d5a53f8) 
thrown [s\src\hotspot\share\classfile\systemDictionary.cpp, line 256]
Event: 2.011 Thread 0x000002251e55cfa0 Exception <a 'java/lang/ClassNotFoundException'{0x000000008d5e6ef8}: groovy/lang/ClosureCustomizer> (0x000000008d5e6ef8) 
thrown [s\src\hotspot\share\classfile\systemDictionary.cpp, line 256]
Event: 2.025 Thread 0x000002251e55cfa0 Exception <a 'java/lang/ClassNotFoundException'{0x000000008d43c080}: groovy/lang/Closure$1Customizer> (0x000000008d43c080) 
thrown [s\src\hotspot\share\classfile\systemDictionary.cpp, line 256]
Event: 2.152 Thread 0x000002251e55cfa0 Implicit null exception at 0x000002252b92be60 to 0x000002252b92befa
Event: 2.152 Thread 0x000002251e55cfa0 Implicit null exception at 0x000002252b8ce70f to 0x000002252b8ce789
Event: 2.264 Thread 0x000002251e55cfa0 Exception <a 'java/lang/ClassNotFoundException'{0x000000008fb8cbb8}: groovy/lang/BindingBeanInfo> (0x000000008fb8cbb8) 
thrown [s\src\hotspot\share\classfile\systemDictionary.cpp, line 256]
Event: 2.266 Thread 0x000002251e55cfa0 Exception <a 'java/lang/ClassNotFoundException'{0x000000008fbba6d8}: groovy/lang/BindingCustomizer> (0x000000008fbba6d8) 
thrown [s\src\hotspot\share\classfile\systemDictionary.cpp, line 256]
Event: 2.271 Thread 0x000002251e55cfa0 Exception <a 'java/lang/ClassNotFoundException'{0x000000008fa167d8}: groovy/lang/GroovyShellBeanInfo> (0x000000008fa167d8) 
thrown [s\src\hotspot\share\classfile\systemDictionary.cpp, line 256]
Event: 2.273 Thread 0x000002251e55cfa0 Exception <a 'java/lang/ClassNotFoundException'{0x000000008fa44780}: groovy/lang/GroovyShellCustomizer> (0x000000008fa44780) 
thrown [s\src\hotspot\share\classfile\systemDictionary.cpp, line 256]
Event: 2.277 Thread 0x000002251e55cfa0 Exception <a 'java/lang/NoSuchMethodError'{0x000000008fab4738}: 'java.lang.Object java.lang.invoke.DirectMethodHandle$Holder.newInvokeSpecial(java.lang.Object, java.lang.Object, java.lang.Object, java.lang.Object, java.lang.Object)'> (0x000000008fab4738) 
thrown [s\src\hotspot\share\interpreter\linkResolver.cpp, line 759]
Event: 2.330 Thread 0x000002251e55cfa0 Exception <a 'java/lang/NoSuchMethodError'{0x000000008f60f5c0}: 'int java.lang.invoke.DirectMethodHandle$Holder.invokeVirtual(java.lang.Object, java.lang.Object)'> (0x000000008f60f5c0) 
thrown [s\src\hotspot\share\interpreter\linkResolver.cpp, line 759]
Event: 2.339 Thread 0x000002251e55cfa0 Exception <a 'java/lang/NoSuchMethodError'{0x000000008f65fdb0}: 'void java.lang.invoke.DirectMethodHandle$Holder.invokeVirtual(java.lang.Object, java.lang.Object)'> (0x000000008f65fdb0) 
thrown [s\src\hotspot\share\interpreter\linkResolver.cpp, line 759]
Event: 2.341 Thread 0x000002251e55cfa0 Exception <a 'java/lang/NoSuchMethodError'{0x000000008f670250}: 'void java.lang.invoke.DirectMethodHandle$Holder.invokeSpecial(java.lang.Object, java.lang.Object, java.lang.Object, java.lang.Object, java.lang.Object)'> (0x000000008f670250) 
thrown [s\src\hotspot\share\interpreter\linkResolver.cpp, line 759]
Event: 2.387 Thread 0x000002251e55cfa0 Exception <a 'java/lang/NoSuchMethodError'{0x000000008f5b9258}: 'void java.lang.invoke.DirectMethodHandle$Holder.invokeStatic(java.lang.Object, java.lang.Object, java.lang.Object, java.lang.Object, java.lang.Object, java.lang.Object)'> (0x000000008f5b9258) 
thrown [s\src\hotspot\share\interpreter\linkResolver.cpp, line 759]

VM Operations (20 events):
Event: 1.554 Executing VM operation: HandshakeAllThreads
Event: 1.555 Executing VM operation: HandshakeAllThreads done
Event: 1.671 Executing VM operation: HandshakeAllThreads
Event: 1.671 Executing VM operation: HandshakeAllThreads done
Event: 1.671 Executing VM operation: HandshakeAllThreads
Event: 1.671 Executing VM operation: HandshakeAllThreads done
Event: 1.674 Executing VM operation: HandshakeAllThreads
Event: 1.674 Executing VM operation: HandshakeAllThreads done
Event: 1.783 Executing VM operation: HandshakeAllThreads
Event: 1.783 Executing VM operation: HandshakeAllThreads done
Event: 1.853 Executing VM operation: ICBufferFull
Event: 1.853 Executing VM operation: ICBufferFull done
Event: 2.111 Executing VM operation: HandshakeAllThreads
Event: 2.111 Executing VM operation: HandshakeAllThreads done
Event: 2.202 Executing VM operation: G1CollectForAllocation
Event: 2.206 Executing VM operation: G1CollectForAllocation done
Event: 2.278 Executing VM operation: HandshakeAllThreads
Event: 2.278 Executing VM operation: HandshakeAllThreads done
Event: 2.288 Executing VM operation: HandshakeAllThreads
Event: 2.288 Executing VM operation: HandshakeAllThreads done

Events (20 events):
Event: 2.300 loading class java/lang/constant/DirectMethodHandleDesc done
Event: 2.300 loading class java/lang/constant/DirectMethodHandleDescImpl done
Event: 2.300 loading class java/lang/constant/DirectMethodHandleDescImpl$1
Event: 2.300 loading class java/lang/constant/DirectMethodHandleDescImpl$1 done
Event: 2.300 loading class java/lang/constant/DirectMethodHandleDesc$1
Event: 2.300 loading class java/lang/constant/DirectMethodHandleDesc$1 done
Event: 2.301 loading class java/lang/constant/PrimitiveClassDescImpl
Event: 2.301 loading class java/lang/constant/PrimitiveClassDescImpl done
Event: 2.301 loading class java/lang/constant/DynamicConstantDesc$AnonymousDynamicConstantDesc
Event: 2.301 loading class java/lang/constant/DynamicConstantDesc$AnonymousDynamicConstantDesc done
Event: 2.301 loading class sun/security/provider/ByteArrayAccess
Event: 2.301 loading class sun/security/provider/ByteArrayAccess done
Event: 2.332 loading class java/lang/annotation/ElementType
Event: 2.332 loading class java/lang/annotation/ElementType done
Event: 2.333 loading class java/lang/invoke/SerializedLambda
Event: 2.333 loading class java/lang/invoke/SerializedLambda done
Event: 2.346 loading class java/lang/invoke/MethodHandle$1
Event: 2.346 loading class java/lang/invoke/MethodHandle$1 done
Event: 2.386 loading class java/lang/NoSuchFieldError
Event: 2.386 loading class java/lang/NoSuchFieldError done


Dynamic libraries:
0x00007ff6bcc20000 - 0x00007ff6bcc2e000 	C:\Users\SEI\.katalon\packages\Katalon_Studio_Windows_64-9.6.0\Katalon_Studio_Windows_64-9.6.0\jre\bin\javaw.exe
0x00007ffd2f330000 - 0x00007ffd2f547000 	C:\WINDOWS\SYSTEM32\ntdll.dll
0x00007ffd2d4c0000 - 0x00007ffd2d584000 	C:\WINDOWS\System32\KERNEL32.DLL
0x00007ffd2cbb0000 - 0x00007ffd2cf5c000 	C:\WINDOWS\System32\KERNELBASE.dll
0x00007ffd2ca90000 - 0x00007ffd2cba1000 	C:\WINDOWS\System32\ucrtbase.dll
0x00007ffd14320000 - 0x00007ffd14339000 	C:\Users\SEI\.katalon\packages\Katalon_Studio_Windows_64-9.6.0\Katalon_Studio_Windows_64-9.6.0\jre\bin\VCRUNTIME140.dll
0x00007ffd27c50000 - 0x00007ffd27c67000 	C:\Users\SEI\.katalon\packages\Katalon_Studio_Windows_64-9.6.0\Katalon_Studio_Windows_64-9.6.0\jre\bin\jli.dll
0x00007ffd2e220000 - 0x00007ffd2e3ce000 	C:\WINDOWS\System32\USER32.dll
0x00007ffd2c660000 - 0x00007ffd2c686000 	C:\WINDOWS\System32\win32u.dll
0x00007ffd2e460000 - 0x00007ffd2e489000 	C:\WINDOWS\System32\GDI32.dll
0x00007ffd2c880000 - 0x00007ffd2c999000 	C:\WINDOWS\System32\gdi32full.dll
0x00007ffd2cf60000 - 0x00007ffd2cffa000 	C:\WINDOWS\System32\msvcp_win.dll
0x00007ffd15ac0000 - 0x00007ffd15d53000 	C:\WINDOWS\WinSxS\amd64_microsoft.windows.common-controls_6595b64144ccf1df_6.0.22621.3672_none_2713b9d173822955\COMCTL32.dll
0x00007ffd2d7a0000 - 0x00007ffd2d847000 	C:\WINDOWS\System32\msvcrt.dll
0x00007ffd2dc00000 - 0x00007ffd2dc31000 	C:\WINDOWS\System32\IMM32.DLL
0x00007ffd279b0000 - 0x00007ffd279bc000 	C:\Users\SEI\.katalon\packages\Katalon_Studio_Windows_64-9.6.0\Katalon_Studio_Windows_64-9.6.0\jre\bin\vcruntime140_1.dll
0x00007ffcfca60000 - 0x00007ffcfcaf1000 	C:\Users\SEI\.katalon\packages\Katalon_Studio_Windows_64-9.6.0\Katalon_Studio_Windows_64-9.6.0\jre\bin\msvcp140.dll
0x00007ffcdf080000 - 0x00007ffcdfcc8000 	C:\Users\SEI\.katalon\packages\Katalon_Studio_Windows_64-9.6.0\Katalon_Studio_Windows_64-9.6.0\jre\bin\server\jvm.dll
0x00007ffd2d2d0000 - 0x00007ffd2d382000 	C:\WINDOWS\System32\ADVAPI32.dll
0x00007ffd2f1b0000 - 0x00007ffd2f25a000 	C:\WINDOWS\System32\sechost.dll
0x00007ffd2c9a0000 - 0x00007ffd2c9c8000 	C:\WINDOWS\System32\bcrypt.dll
0x00007ffd2e4a0000 - 0x00007ffd2e5b5000 	C:\WINDOWS\System32\RPCRT4.dll
0x00007ffd2b310000 - 0x00007ffd2b31a000 	C:\WINDOWS\SYSTEM32\VERSION.dll
0x00007ffd249d0000 - 0x00007ffd24a04000 	C:\WINDOWS\SYSTEM32\WINMM.dll
0x00007ffd26c80000 - 0x00007ffd26c89000 	C:\WINDOWS\SYSTEM32\WSOCK32.dll
0x00007ffd2e3d0000 - 0x00007ffd2e441000 	C:\WINDOWS\System32\WS2_32.dll
0x00007ffd2b780000 - 0x00007ffd2b798000 	C:\WINDOWS\SYSTEM32\kernel.appcore.dll
0x00007ffd26c40000 - 0x00007ffd26c4a000 	C:\Users\SEI\.katalon\packages\Katalon_Studio_Windows_64-9.6.0\Katalon_Studio_Windows_64-9.6.0\jre\bin\jimage.dll
0x00007ffd29f70000 - 0x00007ffd2a1a2000 	C:\WINDOWS\SYSTEM32\DBGHELP.DLL
0x00007ffd2d850000 - 0x00007ffd2dbd8000 	C:\WINDOWS\System32\combase.dll
0x00007ffd2d070000 - 0x00007ffd2d147000 	C:\WINDOWS\System32\OLEAUT32.dll
0x00007ffd0e380000 - 0x00007ffd0e3b2000 	C:\WINDOWS\SYSTEM32\dbgcore.DLL
0x00007ffd2c690000 - 0x00007ffd2c70b000 	C:\WINDOWS\System32\bcryptPrimitives.dll
0x00007ffd23e50000 - 0x00007ffd23e75000 	C:\Users\SEI\.katalon\packages\Katalon_Studio_Windows_64-9.6.0\Katalon_Studio_Windows_64-9.6.0\jre\bin\java.dll
0x00007ffd26320000 - 0x00007ffd26338000 	C:\Users\SEI\.katalon\packages\Katalon_Studio_Windows_64-9.6.0\Katalon_Studio_Windows_64-9.6.0\jre\bin\zip.dll
0x00007ffd2e780000 - 0x00007ffd2efdc000 	C:\WINDOWS\System32\SHELL32.dll
0x00007ffd2a310000 - 0x00007ffd2ac07000 	C:\WINDOWS\SYSTEM32\windows.storage.dll
0x00007ffd2a1d0000 - 0x00007ffd2a30f000 	C:\WINDOWS\SYSTEM32\wintypes.dll
0x00007ffd2d5f0000 - 0x00007ffd2d6e4000 	C:\WINDOWS\System32\SHCORE.dll
0x00007ffd2d270000 - 0x00007ffd2d2ce000 	C:\WINDOWS\System32\shlwapi.dll
0x00007ffd2c590000 - 0x00007ffd2c5b1000 	C:\WINDOWS\SYSTEM32\profapi.dll
0x00007ffd23e30000 - 0x00007ffd23e49000 	C:\Users\SEI\.katalon\packages\Katalon_Studio_Windows_64-9.6.0\Katalon_Studio_Windows_64-9.6.0\jre\bin\net.dll
0x00007ffd27a50000 - 0x00007ffd27b86000 	C:\WINDOWS\SYSTEM32\WINHTTP.dll
0x00007ffd2bbf0000 - 0x00007ffd2bc59000 	C:\WINDOWS\system32\mswsock.dll
0x00007ffd23e10000 - 0x00007ffd23e25000 	C:\Users\SEI\.katalon\packages\Katalon_Studio_Windows_64-9.6.0\Katalon_Studio_Windows_64-9.6.0\jre\bin\nio.dll
0x00007ffd23e00000 - 0x00007ffd23e10000 	C:\Users\SEI\.katalon\packages\Katalon_Studio_Windows_64-9.6.0\Katalon_Studio_Windows_64-9.6.0\jre\bin\verify.dll

dbghelp: loaded successfully - version: 4.0.5 - missing functions: none
symbol engine: initialized successfully - sym options: 0x614 - pdb path: .;C:\Users\SEI\.katalon\packages\Katalon_Studio_Windows_64-9.6.0\Katalon_Studio_Windows_64-9.6.0\jre\bin;C:\WINDOWS\SYSTEM32;C:\WINDOWS\WinSxS\amd64_microsoft.windows.common-controls_6595b64144ccf1df_6.0.22621.3672_none_2713b9d173822955;C:\Users\SEI\.katalon\packages\Katalon_Studio_Windows_64-9.6.0\Katalon_Studio_Windows_64-9.6.0\jre\bin\server

VM Arguments:
jvm_args: -Dgroovy.home=C:\Users\SEI/.groovy -Djava.system.class.loader=groovy.lang.GroovyClassLoader -Xmx2048m -Dfile.encoding=UTF-8 -XX:+ShowCodeDetailsInExceptionMessages 
java_command: org.codehaus.groovy.tools.GroovyStarter --classpath C:\Users\SEI\git\KatalonCert\bin\keyword;C:\Users\SEI\git\KatalonCert\Keywords;C:\Users\SEI\git\KatalonCert\bin\listener;C:\Users\SEI\git\KatalonCert\Test Listeners;C:\Users\SEI\git\KatalonCert\bin\lib;C:\Users\SEI\git\KatalonCert\Libs;C:\Users\SEI\git\KatalonCert\bin\groovy;C:\Users\SEI\git\KatalonCert\Include\scripts\groovy;C:\Users\SEI\.katalon\packages\Katalon_Studio_Windows_64-9.6.0\Katalon_Studio_Windows_64-9.6.0\plugins\com.kms.katalon.core_1.0.0.202406140959.jar;C:\Users\SEI\.katalon\packages\Katalon_Studio_Windows_64-9.6.0\Katalon_Studio_Windows_64-9.6.0\configuration\resources\lib\aalto-xml-1.0.0.jar;C:\Users\SEI\.katalon\packages\Katalon_Studio_Windows_64-9.6.0\Katalon_Studio_Windows_64-9.6.0\configuration\resources\lib\aspectjweaver-1.9.1.jar;C:\Users\SEI\.katalon\packages\Katalon_Studio_Windows_64-9.6.0\Katalon_Studio_Windows_64-9.6.0\configuration\resources\lib\bcpkix-jdk15on-1.64.jar;C:\Users\SEI\.katalon\packages\Katalon_Studio_Windows_64-9.6.0\Katalon_Studio_Windows_64-9.6.0\configuration\resources\lib\bcprov-jdk15on-1.64.jar;C:\Users\SEI\.katalon\packages\Katalon_Studio_Windows_64-9.6.0\Katalon_Studio_Windows_64-9.6.0\configuration\resources\lib\browsermob-core-2.1.5.jar;C:\Users\SEI\.katalon\packages\Katalon_Studio_Windows_64-9.6.0\Katalon_Studio_Windows_64-9.6.0\configuration\resources\lib\byte-buddy-1.14.3.jar;C:\Users\SEI\.katalon\packages\Katalon_Studio_Windows_64-9.6.0\Katalon_Studio_Windows_64-9.6.0\configuration\resources\lib\byte-buddy-agent-1.14.3.jar;C:\Users\SEI\.katalon\packages\Katalon_Studio_Windows_64-9.6.0\Katalon_Studio_Windows_64-9.6.0\configuration\resources\lib\cglib-3.2.10.jar;C:\Users\SEI\.katalon\packages\Katalon_Studio_Windows_64-9.6.0\Katalon_Studio_Windows_64-9.6.0\configuration\resources\lib\commons-codec-1.10.jar;C:\Users\SEI\.katalon\packages\Katalon_Studio_Windows_64-9.6.0\Katalon_Studio_Windows_64-9.6.0\configuration\resources\lib\commons-collections
java_class_path (initial): C:\Users\SEI\git\KatalonCert\bin\keyword;C:\Users\SEI\git\KatalonCert\bin\listener;C:\Users\SEI\git\KatalonCert\bin\lib;C:\Users\SEI\git\KatalonCert\bin\groovy;C:\Users\SEI\git\KatalonCert\bin;C:\Users\SEI\.katalon\packages\Katalon_Studio_Windows_64-9.6.0\Katalon_Studio_Windows_64-9.6.0\plugins\com.kms.katalon.core_1.0.0.202406140959.jar;C:\Users\SEI\.katalon\packages\Katalon_Studio_Windows_64-9.6.0\Katalon_Studio_Windows_64-9.6.0\configuration\resources\lib\aalto-xml-1.0.0.jar;C:\Users\SEI\.katalon\packages\Katalon_Studio_Windows_64-9.6.0\Katalon_Studio_Windows_64-9.6.0\configuration\resources\lib\aspectjweaver-1.9.1.jar;C:\Users\SEI\.katalon\packages\Katalon_Studio_Windows_64-9.6.0\Katalon_Studio_Windows_64-9.6.0\configuration\resources\lib\bcpkix-jdk15on-1.64.jar;C:\Users\SEI\.katalon\packages\Katalon_Studio_Windows_64-9.6.0\Katalon_Studio_Windows_64-9.6.0\configuration\resources\lib\bcprov-jdk15on-1.64.jar;C:\Users\SEI\.katalon\packages\Katalon_Studio_Windows_64-9.6.0\Katalon_Studio_Windows_64-9.6.0\configuration\resources\lib\browsermob-core-2.1.5.jar;C:\Users\SEI\.katalon\packages\Katalon_Studio_Windows_64-9.6.0\Katalon_Studio_Windows_64-9.6.0\configuration\resources\lib\byte-buddy-1.14.3.jar;C:\Users\SEI\.katalon\packages\Katalon_Studio_Windows_64-9.6.0\Katalon_Studio_Windows_64-9.6.0\configuration\resources\lib\byte-buddy-agent-1.14.3.jar;C:\Users\SEI\.katalon\packages\Katalon_Studio_Windows_64-9.6.0\Katalon_Studio_Windows_64-9.6.0\configuration\resources\lib\cglib-3.2.10.jar;C:\Users\SEI\.katalon\packages\Katalon_Studio_Windows_64-9.6.0\Katalon_Studio_Windows_64-9.6.0\configuration\resources\lib\commons-codec-1.10.jar;C:\Users\SEI\.katalon\packages\Katalon_Studio_Windows_64-9.6.0\Katalon_Studio_Windows_64-9.6.0\configuration\resources\lib\commons-collections4-4.1.jar;C:\Users\SEI\.katalon\packages\Katalon_Studio_Windows_64-9.6.0\Katalon_Studio_Windows_64-9.6.0\configuration\resources\lib\commons-validator-1.6.jar;C:\Users\SEI\.k
Launcher Type: SUN_STANDARD

[Global flags]
     intx CICompilerCount                          = 4                                         {product} {ergonomic}
     uint ConcGCThreads                            = 3                                         {product} {ergonomic}
     uint G1ConcRefinementThreads                  = 10                                        {product} {ergonomic}
   size_t G1HeapRegionSize                         = 1048576                                   {product} {ergonomic}
    uintx GCDrainStackTargetSize                   = 64                                        {product} {ergonomic}
   size_t InitialHeapSize                          = 266338304                                 {product} {ergonomic}
   size_t MarkStackSize                            = 4194304                                   {product} {ergonomic}
   size_t MaxHeapSize                              = 2147483648                                {product} {command line}
   size_t MaxNewSize                               = 1287651328                                {product} {ergonomic}
   size_t MinHeapDeltaBytes                        = 1048576                                   {product} {ergonomic}
   size_t MinHeapSize                              = 8388608                                   {product} {ergonomic}
    uintx NonNMethodCodeHeapSize                   = 5839372                                {pd product} {ergonomic}
    uintx NonProfiledCodeHeapSize                  = 122909434                              {pd product} {ergonomic}
    uintx ProfiledCodeHeapSize                     = 122909434                              {pd product} {ergonomic}
    uintx ReservedCodeCacheSize                    = 251658240                              {pd product} {ergonomic}
     bool SegmentedCodeCache                       = true                                      {product} {ergonomic}
     bool ShowCodeDetailsInExceptionMessages       = true                                   {manageable} {command line}
   size_t SoftMaxHeapSize                          = 2147483648                             {manageable} {ergonomic}
     bool UseCompressedClassPointers               = true                           {product lp64_product} {ergonomic}
     bool UseCompressedOops                        = true                           {product lp64_product} {ergonomic}
     bool UseG1GC                                  = true                                      {product} {ergonomic}
     bool UseLargePagesIndividualAllocation        = false                                  {pd product} {ergonomic}

Logging:
Log output configuration:
 #0: stdout all=warning uptime,level,tags
 #1: stderr all=off uptime,level,tags

Environment Variables:
PATH=C:/Users/SEI/.katalon/packages/Katalon_Studio_Windows_64-9.6.0/Katalon_Studio_Windows_64-9.6.0/jre/bin/server;C:/Users/SEI/.katalon/packages/Katalon_Studio_Windows_64-9.6.0/Katalon_Studio_Windows_64-9.6.0/jre/bin;C:\Program Files\Microsoft MPI\Bin\;C:\Windows\system32;C:\Windows;C:\Windows\System32\Wbem;C:\Windows\System32\WindowsPowerShell\v1.0\;C:\Windows\System32\OpenSSH\;C:\Program Files (x86)\NVIDIA Corporation\PhysX\Common;C:\Program Files\NVIDIA Corporation\NVIDIA NvDLISR;C:\WINDOWS\system32;C:\WINDOWS;C:\WINDOWS\System32\Wbem;C:\WINDOWS\System32\WindowsPowerShell\v1.0\;C:\WINDOWS\System32\OpenSSH\;C:\Program Files\dotnet\;C:\Program Files\Azure Data Studio\bin;C:\Program Files\Microsoft SQL Server\150\Tools\Binn\;C:\Program Files\Microsoft SQL Server\Client SDK\ODBC\170\Tools\Binn\;C:\Program Files (x86)\Microsoft SQL Server\160\Tools\Binn\;C:\Program Files\Microsoft SQL Server\160\Tools\Binn\;C:\Program Files\Microsoft SQL Server\160\DTS\Binn\;C:\Users\HIEU VY\AppData\Local\Programs\Python\Python310\Scripts\;C:\Users\HIEU VY\AppData\Local\Programs\Python\Python310\;C:\Users\SEI\AppData\Local\Microsoft\WindowsApps;C:\Users\HIEU VY\AppData\Local\GitHubDesktop\bin;C:\Users\HIEU VY\AppData\Local\Programs\Microsoft VS Code\bin;C:\Users\SEI\.dotnet\tools;C:\Users\HIEU VY\OneDrive - Tru?ng DH CNTT - University of Information Technology\M?y t?nh\Phai n?\bin\Debug;C:\Users\SEI\.katalon\packages\Katalon_Studio_Windows_64-9.6.0\Katalon_Studio_Windows_64-9.6.0;
USERNAME=SEI
OS=Windows_NT
PROCESSOR_IDENTIFIER=Intel64 Family 6 Model 165 Stepping 2, GenuineIntel
TMP=C:\Users\SEI\AppData\Local\Temp
TEMP=C:\Users\SEI\AppData\Local\Temp



---------------  S Y S T E M  ---------------

OS:
 Windows 11 , 64 bit Build 22621 (10.0.22621.3672)
OS uptime: 0 days 1:40 hours

CPU: total 12 (initial active 12) (6 cores per cpu, 2 threads per core) family 6 model 165 stepping 2 microcode 0xe2, cx8, cmov, fxsr, ht, mmx, 3dnowpref, sse, sse2, sse3, ssse3, sse4.1, sse4.2, popcnt, lzcnt, tsc, tscinvbit, avx, avx2, aes, erms, clmul, bmi1, bmi2, adx, fma, vzeroupper, clflush, clflushopt

Memory: 4k page, system-wide physical 16204M (3421M free)
TotalPageFile size 16204M (AvailPageFile size 12M)
current process WorkingSet (physical memory assigned to process): 211M, peak: 218M
current process commit charge ("private bytes"): 450M, peak: 462M

vm_info: OpenJDK 64-Bit Server VM (17.0.7+7) for windows-amd64 JRE (17.0.7+7), built on Apr 18 2023 22:10:42 by "temurin" with MS VC++ 16.7 (VS2019)

END.
